                              1 ;--------------------------------------------------------
                              2 ; File Created by SDCC : free open source ANSI-C Compiler
                              3 ; Version 3.6.8 #9946 (Linux)
                              4 ;--------------------------------------------------------
                              5 	.module conio
                              6 	.optsdcc -mz80
                              7 	
                              8 ;--------------------------------------------------------
                              9 ; Public variables in this module
                             10 ;--------------------------------------------------------
                             11 	.globl _putchar
                             12 	.globl _sprintf
                             13 	.globl _locate
                             14 	.globl _ink
                             15 	.globl _paper
                             16 	.globl _pen
                             17 	.globl _PrintAt
                             18 	.globl _PrintU8
                             19 	.globl _BlackScreen
                             20 ;--------------------------------------------------------
                             21 ; special function registers
                             22 ;--------------------------------------------------------
                             23 ;--------------------------------------------------------
                             24 ; ram data
                             25 ;--------------------------------------------------------
                             26 	.area _DATA
                             27 ;--------------------------------------------------------
                             28 ; ram data
                             29 ;--------------------------------------------------------
                             30 	.area _INITIALIZED
                             31 ;--------------------------------------------------------
                             32 ; absolute external ram data
                             33 ;--------------------------------------------------------
                             34 	.area _DABS (ABS)
                             35 ;--------------------------------------------------------
                             36 ; global & static initialisations
                             37 ;--------------------------------------------------------
                             38 	.area _HOME
                             39 	.area _GSINIT
                             40 	.area _GSFINAL
                             41 	.area _GSINIT
                             42 ;--------------------------------------------------------
                             43 ; Home
                             44 ;--------------------------------------------------------
                             45 	.area _HOME
                             46 	.area _HOME
                             47 ;--------------------------------------------------------
                             48 ; code
                             49 ;--------------------------------------------------------
                             50 	.area _CODE
                             51 ;src/conio.c:7: void locate (u8 x, u8 y)
                             52 ;	---------------------------------
                             53 ; Function locate
                             54 ; ---------------------------------
   0000                      55 _locate::
                             56 ;src/conio.c:9: putchar(US);
   0000 21 1F 00      [10]   57 	ld	hl, #0x001f
   0003 E5            [11]   58 	push	hl
   0004 CDr00r00      [17]   59 	call	_putchar
   0007 F1            [10]   60 	pop	af
                             61 ;src/conio.c:10: putchar (x); putchar (y);
   0008 21 02 00      [10]   62 	ld	hl, #2+0
   000B 39            [11]   63 	add	hl, sp
   000C 4E            [ 7]   64 	ld	c, (hl)
   000D 06 00         [ 7]   65 	ld	b, #0x00
   000F C5            [11]   66 	push	bc
   0010 CDr00r00      [17]   67 	call	_putchar
   0013 F1            [10]   68 	pop	af
   0014 21 03 00      [10]   69 	ld	hl, #3+0
   0017 39            [11]   70 	add	hl, sp
   0018 4E            [ 7]   71 	ld	c, (hl)
   0019 06 00         [ 7]   72 	ld	b, #0x00
   001B C5            [11]   73 	push	bc
   001C CDr00r00      [17]   74 	call	_putchar
   001F F1            [10]   75 	pop	af
   0020 C9            [10]   76 	ret
                             77 ;src/conio.c:12: void ink (u8 tinta, u8 color1, u8 color2)
                             78 ;	---------------------------------
                             79 ; Function ink
                             80 ; ---------------------------------
   0021                      81 _ink::
                             82 ;src/conio.c:14: putchar (FS);
   0021 21 1C 00      [10]   83 	ld	hl, #0x001c
   0024 E5            [11]   84 	push	hl
   0025 CDr00r00      [17]   85 	call	_putchar
   0028 F1            [10]   86 	pop	af
                             87 ;src/conio.c:15: putchar (tinta); putchar (color1); putchar (color2);
   0029 21 02 00      [10]   88 	ld	hl, #2+0
   002C 39            [11]   89 	add	hl, sp
   002D 4E            [ 7]   90 	ld	c, (hl)
   002E 06 00         [ 7]   91 	ld	b, #0x00
   0030 C5            [11]   92 	push	bc
   0031 CDr00r00      [17]   93 	call	_putchar
   0034 F1            [10]   94 	pop	af
   0035 21 03 00      [10]   95 	ld	hl, #3+0
   0038 39            [11]   96 	add	hl, sp
   0039 4E            [ 7]   97 	ld	c, (hl)
   003A 06 00         [ 7]   98 	ld	b, #0x00
   003C C5            [11]   99 	push	bc
   003D CDr00r00      [17]  100 	call	_putchar
   0040 F1            [10]  101 	pop	af
   0041 21 04 00      [10]  102 	ld	hl, #4+0
   0044 39            [11]  103 	add	hl, sp
   0045 4E            [ 7]  104 	ld	c, (hl)
   0046 06 00         [ 7]  105 	ld	b, #0x00
   0048 C5            [11]  106 	push	bc
   0049 CDr00r00      [17]  107 	call	_putchar
   004C F1            [10]  108 	pop	af
   004D C9            [10]  109 	ret
                            110 ;src/conio.c:18: void paper (u8 color1)
                            111 ;	---------------------------------
                            112 ; Function paper
                            113 ; ---------------------------------
   004E                     114 _paper::
                            115 ;src/conio.c:20: putchar (SO);
   004E 21 0E 00      [10]  116 	ld	hl, #0x000e
   0051 E5            [11]  117 	push	hl
   0052 CDr00r00      [17]  118 	call	_putchar
   0055 F1            [10]  119 	pop	af
                            120 ;src/conio.c:21: putchar (color1);
   0056 21 02 00      [10]  121 	ld	hl, #2+0
   0059 39            [11]  122 	add	hl, sp
   005A 4E            [ 7]  123 	ld	c, (hl)
   005B 06 00         [ 7]  124 	ld	b, #0x00
   005D C5            [11]  125 	push	bc
   005E CDr00r00      [17]  126 	call	_putchar
   0061 F1            [10]  127 	pop	af
   0062 C9            [10]  128 	ret
                            129 ;src/conio.c:23: void pen (u8 tinta)
                            130 ;	---------------------------------
                            131 ; Function pen
                            132 ; ---------------------------------
   0063                     133 _pen::
                            134 ;src/conio.c:25: putchar (SI);
   0063 21 0F 00      [10]  135 	ld	hl, #0x000f
   0066 E5            [11]  136 	push	hl
   0067 CDr00r00      [17]  137 	call	_putchar
   006A F1            [10]  138 	pop	af
                            139 ;src/conio.c:26: putchar (tinta);
   006B 21 02 00      [10]  140 	ld	hl, #2+0
   006E 39            [11]  141 	add	hl, sp
   006F 4E            [ 7]  142 	ld	c, (hl)
   0070 06 00         [ 7]  143 	ld	b, #0x00
   0072 C5            [11]  144 	push	bc
   0073 CDr00r00      [17]  145 	call	_putchar
   0076 F1            [10]  146 	pop	af
   0077 C9            [10]  147 	ret
                            148 ;src/conio.c:31: void PrintAt (u8 x, u8 y, char text[], u8 color)
                            149 ;	---------------------------------
                            150 ; Function PrintAt
                            151 ; ---------------------------------
   0078                     152 _PrintAt::
                            153 ;src/conio.c:35: locate (x, y);
   0078 21 03 00      [10]  154 	ld	hl, #3+0
   007B 39            [11]  155 	add	hl, sp
   007C 7E            [ 7]  156 	ld	a, (hl)
   007D F5            [11]  157 	push	af
   007E 33            [ 6]  158 	inc	sp
   007F 21 03 00      [10]  159 	ld	hl, #3+0
   0082 39            [11]  160 	add	hl, sp
   0083 7E            [ 7]  161 	ld	a, (hl)
   0084 F5            [11]  162 	push	af
   0085 33            [ 6]  163 	inc	sp
   0086 CDr00r00      [17]  164 	call	_locate
   0089 F1            [10]  165 	pop	af
                            166 ;src/conio.c:36: if (color != 0xff) pen (color);
   008A FD 21 06 00   [14]  167 	ld	iy, #6
   008E FD 39         [15]  168 	add	iy, sp
   0090 FD 7E 00      [19]  169 	ld	a, 0 (iy)
   0093 3C            [ 4]  170 	inc	a
   0094 28 09         [12]  171 	jr	Z,00110$
   0096 FD 7E 00      [19]  172 	ld	a, 0 (iy)
   0099 F5            [11]  173 	push	af
   009A 33            [ 6]  174 	inc	sp
   009B CDr63r00      [17]  175 	call	_pen
   009E 33            [ 6]  176 	inc	sp
                            177 ;src/conio.c:37: while ( (ch=text[i++]) )
   009F                     178 00110$:
   009F 0E 00         [ 7]  179 	ld	c, #0x00
   00A1                     180 00103$:
   00A1 41            [ 4]  181 	ld	b, c
   00A2 0C            [ 4]  182 	inc	c
   00A3 FD 21 04 00   [14]  183 	ld	iy, #4
   00A7 FD 39         [15]  184 	add	iy, sp
   00A9 FD 7E 00      [19]  185 	ld	a, 0 (iy)
   00AC 80            [ 4]  186 	add	a, b
   00AD 5F            [ 4]  187 	ld	e, a
   00AE FD 7E 01      [19]  188 	ld	a, 1 (iy)
   00B1 CE 00         [ 7]  189 	adc	a, #0x00
   00B3 57            [ 4]  190 	ld	d, a
   00B4 1A            [ 7]  191 	ld	a, (de)
   00B5 5F            [ 4]  192 	ld	e, a
   00B6 B7            [ 4]  193 	or	a, a
   00B7 C8            [11]  194 	ret	Z
                            195 ;src/conio.c:38: putchar(ch);
   00B8 16 00         [ 7]  196 	ld	d, #0x00
   00BA C5            [11]  197 	push	bc
   00BB D5            [11]  198 	push	de
   00BC CDr00r00      [17]  199 	call	_putchar
   00BF F1            [10]  200 	pop	af
   00C0 C1            [10]  201 	pop	bc
   00C1 18 DE         [12]  202 	jr	00103$
                            203 ;src/conio.c:44: void PrintU8 (u8 num, u8 x, u8 y, u8 color)
                            204 ;	---------------------------------
                            205 ; Function PrintU8
                            206 ; ---------------------------------
   00C3                     207 _PrintU8::
   00C3 DD E5         [15]  208 	push	ix
   00C5 DD 21 00 00   [14]  209 	ld	ix,#0
   00C9 DD 39         [15]  210 	add	ix,sp
   00CB F5            [11]  211 	push	af
   00CC F5            [11]  212 	push	af
                            213 ;src/conio.c:47: sprintf (str, "%d", num);
   00CD DD 5E 04      [19]  214 	ld	e, 4 (ix)
   00D0 16 00         [ 7]  215 	ld	d, #0x00
   00D2 21 00 00      [10]  216 	ld	hl, #0x0000
   00D5 39            [11]  217 	add	hl, sp
   00D6 E5            [11]  218 	push	hl
   00D7 D5            [11]  219 	push	de
   00D8 11rFBr00      [10]  220 	ld	de, #___str_0
   00DB D5            [11]  221 	push	de
   00DC E5            [11]  222 	push	hl
   00DD CDr00r00      [17]  223 	call	_sprintf
   00E0 21 06 00      [10]  224 	ld	hl, #6
   00E3 39            [11]  225 	add	hl, sp
   00E4 F9            [ 6]  226 	ld	sp, hl
   00E5 C1            [10]  227 	pop	bc
                            228 ;src/conio.c:48: PrintAt (x,y, str, color);
   00E6 DD 7E 07      [19]  229 	ld	a, 7 (ix)
   00E9 F5            [11]  230 	push	af
   00EA 33            [ 6]  231 	inc	sp
   00EB C5            [11]  232 	push	bc
   00EC DD 66 06      [19]  233 	ld	h, 6 (ix)
   00EF DD 6E 05      [19]  234 	ld	l, 5 (ix)
   00F2 E5            [11]  235 	push	hl
   00F3 CDr78r00      [17]  236 	call	_PrintAt
   00F6 DD F9         [10]  237 	ld	sp,ix
   00F8 DD E1         [14]  238 	pop	ix
   00FA C9            [10]  239 	ret
   00FB                     240 ___str_0:
   00FB 25 64               241 	.ascii "%d"
   00FD 00                  242 	.db 0x00
                            243 ;src/conio.c:51: void BlackScreen()
                            244 ;	---------------------------------
                            245 ; Function BlackScreen
                            246 ; ---------------------------------
   00FE                     247 _BlackScreen::
                            248 ;src/conio.c:53: ink (0, INK_BG,INK_BG);
   00FE 21 00 00      [10]  249 	ld	hl, #0x0000
   0101 E5            [11]  250 	push	hl
   0102 AF            [ 4]  251 	xor	a, a
   0103 F5            [11]  252 	push	af
   0104 33            [ 6]  253 	inc	sp
   0105 CDr21r00      [17]  254 	call	_ink
                            255 ;src/conio.c:54: ink (1, INK_BG,INK_BG);
   0108 33            [ 6]  256 	inc	sp
   0109 21 00 00      [10]  257 	ld	hl,#0x0000
   010C E3            [19]  258 	ex	(sp),hl
   010D 3E 01         [ 7]  259 	ld	a, #0x01
   010F F5            [11]  260 	push	af
   0110 33            [ 6]  261 	inc	sp
   0111 CDr21r00      [17]  262 	call	_ink
                            263 ;src/conio.c:55: ink (2, INK_BG,INK_BG);
   0114 33            [ 6]  264 	inc	sp
   0115 21 00 00      [10]  265 	ld	hl,#0x0000
   0118 E3            [19]  266 	ex	(sp),hl
   0119 3E 02         [ 7]  267 	ld	a, #0x02
   011B F5            [11]  268 	push	af
   011C 33            [ 6]  269 	inc	sp
   011D CDr21r00      [17]  270 	call	_ink
                            271 ;src/conio.c:56: ink (3, INK_BG,INK_BG);
   0120 33            [ 6]  272 	inc	sp
   0121 21 00 00      [10]  273 	ld	hl,#0x0000
   0124 E3            [19]  274 	ex	(sp),hl
   0125 3E 03         [ 7]  275 	ld	a, #0x03
   0127 F5            [11]  276 	push	af
   0128 33            [ 6]  277 	inc	sp
   0129 CDr21r00      [17]  278 	call	_ink
                            279 ;src/conio.h:9: putchar (GS);
   012C 33            [ 6]  280 	inc	sp
   012D 21 1D 00      [10]  281 	ld	hl,#0x001d
   0130 E3            [19]  282 	ex	(sp),hl
   0131 CDr00r00      [17]  283 	call	_putchar
                            284 ;src/conio.h:10: putchar (color1); putchar (color1);
   0134 21 00 00      [10]  285 	ld	hl, #0x0000
   0137 E3            [19]  286 	ex	(sp),hl
   0138 CDr00r00      [17]  287 	call	_putchar
   013B 21 00 00      [10]  288 	ld	hl, #0x0000
   013E E3            [19]  289 	ex	(sp),hl
   013F CDr00r00      [17]  290 	call	_putchar
   0142 F1            [10]  291 	pop	af
                            292 ;src/conio.c:58: border (0); paper (0);
   0143 AF            [ 4]  293 	xor	a, a
   0144 F5            [11]  294 	push	af
   0145 33            [ 6]  295 	inc	sp
   0146 CDr4Er00      [17]  296 	call	_paper
   0149 33            [ 6]  297 	inc	sp
   014A C9            [10]  298 	ret
                            299 	.area _CODE
                            300 	.area _INITIALIZER
                            301 	.area _CABS (ABS)
