                              1 ;--------------------------------------------------------
                              2 ; File Created by SDCC : free open source ANSI-C Compiler
                              3 ; Version 3.6.8 #9946 (Linux)
                              4 ;--------------------------------------------------------
                              5 	.module main
                              6 	.optsdcc -mz80
                              7 	
                              8 ;--------------------------------------------------------
                              9 ; Public variables in this module
                             10 ;--------------------------------------------------------
                             11 	.globl _main
                             12 	.globl _TakeDamage
                             13 	.globl _CalculateDamage
                             14 	.globl _ClearStatusLine
                             15 	.globl _PrintCharacterStats
                             16 	.globl _InitColors
                             17 	.globl _draw_map
                             18 	.globl _InitEntities
                             19 	.globl _InitializeCharacter
                             20 	.globl _PrintAt
                             21 	.globl _cls
                             22 	.globl _pen
                             23 	.globl _paper
                             24 	.globl _border
                             25 	.globl _ink
                             26 	.globl _locate
                             27 	.globl _map_create
                             28 	.globl _putchar
                             29 	.globl _sprintf
                             30 	.globl _printf
                             31 	.globl _cpct_getRandom_mxor_u8
                             32 	.globl _cpct_setVideoMode
                             33 	.globl _cpct_isKeyPressed
                             34 	.globl _cpct_scanKeyboard
                             35 ;--------------------------------------------------------
                             36 ; special function registers
                             37 ;--------------------------------------------------------
                             38 ;--------------------------------------------------------
                             39 ; ram data
                             40 ;--------------------------------------------------------
                             41 	.area _DATA
                             42 ;--------------------------------------------------------
                             43 ; ram data
                             44 ;--------------------------------------------------------
                             45 	.area _INITIALIZED
                             46 ;--------------------------------------------------------
                             47 ; absolute external ram data
                             48 ;--------------------------------------------------------
                             49 	.area _DABS (ABS)
                             50 ;--------------------------------------------------------
                             51 ; global & static initialisations
                             52 ;--------------------------------------------------------
                             53 	.area _HOME
                             54 	.area _GSINIT
                             55 	.area _GSFINAL
                             56 	.area _GSINIT
                             57 ;--------------------------------------------------------
                             58 ; Home
                             59 ;--------------------------------------------------------
                             60 	.area _HOME
                             61 	.area _HOME
                             62 ;--------------------------------------------------------
                             63 ; code
                             64 ;--------------------------------------------------------
                             65 	.area _CODE
                             66 ;src/main.c:99: void map_create (struct TMap *map, u8 width, u8 height)
                             67 ;	---------------------------------
                             68 ; Function map_create
                             69 ; ---------------------------------
   0000                      70 _map_create::
   0000 DD E5         [15]   71 	push	ix
   0002 DD 21 00 00   [14]   72 	ld	ix,#0
   0006 DD 39         [15]   73 	add	ix,sp
   0008 21 FA FF      [10]   74 	ld	hl, #-6
   000B 39            [11]   75 	add	hl, sp
   000C F9            [ 6]   76 	ld	sp, hl
                             77 ;src/main.c:103: map->width = width;
   000D DD 4E 04      [19]   78 	ld	c,4 (ix)
   0010 DD 46 05      [19]   79 	ld	b,5 (ix)
   0013 DD 7E 06      [19]   80 	ld	a, 6 (ix)
   0016 02            [ 7]   81 	ld	(bc), a
                             82 ;src/main.c:104: map->height = height;
   0017 C5            [11]   83 	push	bc
   0018 FD E1         [14]   84 	pop	iy
   001A FD 23         [10]   85 	inc	iy
   001C DD 7E 07      [19]   86 	ld	a, 7 (ix)
   001F FD 77 00      [19]   87 	ld	0 (iy), a
                             88 ;src/main.c:105: for (i=0; i!=map->height; ++i)
   0022 21 02 00      [10]   89 	ld	hl, #0x0002
   0025 09            [11]   90 	add	hl,bc
   0026 DD 75 FC      [19]   91 	ld	-4 (ix), l
   0029 DD 74 FD      [19]   92 	ld	-3 (ix), h
   002C DD 36 FA 00   [19]   93 	ld	-6 (ix), #0x00
   0030                      94 00107$:
   0030 FD 5E 00      [19]   95 	ld	e, 0 (iy)
   0033 DD 7E FA      [19]   96 	ld	a, -6 (ix)
   0036 93            [ 4]   97 	sub	a, e
   0037 28 3F         [12]   98 	jr	Z,00102$
                             99 ;src/main.c:106: for (j=0; j!=map->width; ++j)
   0039 DD 5E FA      [19]  100 	ld	e,-6 (ix)
   003C 16 00         [ 7]  101 	ld	d,#0x00
   003E 6B            [ 4]  102 	ld	l, e
   003F 62            [ 4]  103 	ld	h, d
   0040 29            [11]  104 	add	hl, hl
   0041 29            [11]  105 	add	hl, hl
   0042 19            [11]  106 	add	hl, de
   0043 29            [11]  107 	add	hl, hl
   0044 29            [11]  108 	add	hl, hl
   0045 DD 7E FC      [19]  109 	ld	a, -4 (ix)
   0048 85            [ 4]  110 	add	a, l
   0049 DD 77 FE      [19]  111 	ld	-2 (ix), a
   004C DD 7E FD      [19]  112 	ld	a, -3 (ix)
   004F 8C            [ 4]  113 	adc	a, h
   0050 DD 77 FF      [19]  114 	ld	-1 (ix), a
   0053 DD 36 FB 00   [19]  115 	ld	-5 (ix), #0x00
   0057                     116 00104$:
   0057 0A            [ 7]  117 	ld	a, (bc)
   0058 5F            [ 4]  118 	ld	e, a
   0059 DD 7E FB      [19]  119 	ld	a, -5 (ix)
   005C 93            [ 4]  120 	sub	a, e
   005D 28 14         [12]  121 	jr	Z,00108$
                            122 ;src/main.c:107: map->tiles[i][j].blocked = FALSE;
   005F DD 7E FE      [19]  123 	ld	a, -2 (ix)
   0062 DD 86 FB      [19]  124 	add	a, -5 (ix)
   0065 5F            [ 4]  125 	ld	e, a
   0066 DD 7E FF      [19]  126 	ld	a, -1 (ix)
   0069 CE 00         [ 7]  127 	adc	a, #0x00
   006B 57            [ 4]  128 	ld	d, a
   006C AF            [ 4]  129 	xor	a, a
   006D 12            [ 7]  130 	ld	(de), a
                            131 ;src/main.c:106: for (j=0; j!=map->width; ++j)
   006E DD 34 FB      [23]  132 	inc	-5 (ix)
   0071 18 E4         [12]  133 	jr	00104$
   0073                     134 00108$:
                            135 ;src/main.c:105: for (i=0; i!=map->height; ++i)
   0073 DD 34 FA      [23]  136 	inc	-6 (ix)
   0076 18 B8         [12]  137 	jr	00107$
   0078                     138 00102$:
                            139 ;src/main.c:110: map->tiles[12][3].blocked = TRUE;
   0078 21 F5 00      [10]  140 	ld	hl, #0x00f5
   007B 09            [11]  141 	add	hl, bc
   007C 36 01         [10]  142 	ld	(hl), #0x01
                            143 ;src/main.c:111: map->tiles[3][10].blocked = TRUE;
   007E 21 48 00      [10]  144 	ld	hl, #0x0048
   0081 09            [11]  145 	add	hl, bc
   0082 36 01         [10]  146 	ld	(hl), #0x01
   0084 DD F9         [10]  147 	ld	sp, ix
   0086 DD E1         [14]  148 	pop	ix
   0088 C9            [10]  149 	ret
                            150 ;src/main.c:117: void locate (u8 x, u8 y)
                            151 ;	---------------------------------
                            152 ; Function locate
                            153 ; ---------------------------------
   0089                     154 _locate::
                            155 ;src/main.c:119: putchar(US);
   0089 21 1F 00      [10]  156 	ld	hl, #0x001f
   008C E5            [11]  157 	push	hl
   008D CDr00r00      [17]  158 	call	_putchar
   0090 F1            [10]  159 	pop	af
                            160 ;src/main.c:120: putchar (x); putchar (y);
   0091 21 02 00      [10]  161 	ld	hl, #2+0
   0094 39            [11]  162 	add	hl, sp
   0095 4E            [ 7]  163 	ld	c, (hl)
   0096 06 00         [ 7]  164 	ld	b, #0x00
   0098 C5            [11]  165 	push	bc
   0099 CDr00r00      [17]  166 	call	_putchar
   009C F1            [10]  167 	pop	af
   009D 21 03 00      [10]  168 	ld	hl, #3+0
   00A0 39            [11]  169 	add	hl, sp
   00A1 4E            [ 7]  170 	ld	c, (hl)
   00A2 06 00         [ 7]  171 	ld	b, #0x00
   00A4 C5            [11]  172 	push	bc
   00A5 CDr00r00      [17]  173 	call	_putchar
   00A8 F1            [10]  174 	pop	af
   00A9 C9            [10]  175 	ret
                            176 ;src/main.c:122: void ink (u8 tinta, u8 color1, u8 color2)
                            177 ;	---------------------------------
                            178 ; Function ink
                            179 ; ---------------------------------
   00AA                     180 _ink::
                            181 ;src/main.c:124: putchar (FS);
   00AA 21 1C 00      [10]  182 	ld	hl, #0x001c
   00AD E5            [11]  183 	push	hl
   00AE CDr00r00      [17]  184 	call	_putchar
   00B1 F1            [10]  185 	pop	af
                            186 ;src/main.c:125: putchar (tinta); putchar (color1); putchar (color2);
   00B2 21 02 00      [10]  187 	ld	hl, #2+0
   00B5 39            [11]  188 	add	hl, sp
   00B6 4E            [ 7]  189 	ld	c, (hl)
   00B7 06 00         [ 7]  190 	ld	b, #0x00
   00B9 C5            [11]  191 	push	bc
   00BA CDr00r00      [17]  192 	call	_putchar
   00BD F1            [10]  193 	pop	af
   00BE 21 03 00      [10]  194 	ld	hl, #3+0
   00C1 39            [11]  195 	add	hl, sp
   00C2 4E            [ 7]  196 	ld	c, (hl)
   00C3 06 00         [ 7]  197 	ld	b, #0x00
   00C5 C5            [11]  198 	push	bc
   00C6 CDr00r00      [17]  199 	call	_putchar
   00C9 F1            [10]  200 	pop	af
   00CA 21 04 00      [10]  201 	ld	hl, #4+0
   00CD 39            [11]  202 	add	hl, sp
   00CE 4E            [ 7]  203 	ld	c, (hl)
   00CF 06 00         [ 7]  204 	ld	b, #0x00
   00D1 C5            [11]  205 	push	bc
   00D2 CDr00r00      [17]  206 	call	_putchar
   00D5 F1            [10]  207 	pop	af
   00D6 C9            [10]  208 	ret
                            209 ;src/main.c:127: void border (u8 color1, u8 color2)
                            210 ;	---------------------------------
                            211 ; Function border
                            212 ; ---------------------------------
   00D7                     213 _border::
                            214 ;src/main.c:129: putchar (GS);
   00D7 21 1D 00      [10]  215 	ld	hl, #0x001d
   00DA E5            [11]  216 	push	hl
   00DB CDr00r00      [17]  217 	call	_putchar
   00DE F1            [10]  218 	pop	af
                            219 ;src/main.c:130: putchar (color1); putchar (color2);
   00DF 21 02 00      [10]  220 	ld	hl, #2+0
   00E2 39            [11]  221 	add	hl, sp
   00E3 4E            [ 7]  222 	ld	c, (hl)
   00E4 06 00         [ 7]  223 	ld	b, #0x00
   00E6 C5            [11]  224 	push	bc
   00E7 CDr00r00      [17]  225 	call	_putchar
   00EA F1            [10]  226 	pop	af
   00EB 21 03 00      [10]  227 	ld	hl, #3+0
   00EE 39            [11]  228 	add	hl, sp
   00EF 4E            [ 7]  229 	ld	c, (hl)
   00F0 06 00         [ 7]  230 	ld	b, #0x00
   00F2 C5            [11]  231 	push	bc
   00F3 CDr00r00      [17]  232 	call	_putchar
   00F6 F1            [10]  233 	pop	af
   00F7 C9            [10]  234 	ret
                            235 ;src/main.c:132: void paper (u8 color1)
                            236 ;	---------------------------------
                            237 ; Function paper
                            238 ; ---------------------------------
   00F8                     239 _paper::
                            240 ;src/main.c:134: putchar (SO);
   00F8 21 0E 00      [10]  241 	ld	hl, #0x000e
   00FB E5            [11]  242 	push	hl
   00FC CDr00r00      [17]  243 	call	_putchar
   00FF F1            [10]  244 	pop	af
                            245 ;src/main.c:135: putchar (color1);
   0100 21 02 00      [10]  246 	ld	hl, #2+0
   0103 39            [11]  247 	add	hl, sp
   0104 4E            [ 7]  248 	ld	c, (hl)
   0105 06 00         [ 7]  249 	ld	b, #0x00
   0107 C5            [11]  250 	push	bc
   0108 CDr00r00      [17]  251 	call	_putchar
   010B F1            [10]  252 	pop	af
   010C C9            [10]  253 	ret
                            254 ;src/main.c:137: void pen (u8 tinta)
                            255 ;	---------------------------------
                            256 ; Function pen
                            257 ; ---------------------------------
   010D                     258 _pen::
                            259 ;src/main.c:139: putchar (SI);
   010D 21 0F 00      [10]  260 	ld	hl, #0x000f
   0110 E5            [11]  261 	push	hl
   0111 CDr00r00      [17]  262 	call	_putchar
   0114 F1            [10]  263 	pop	af
                            264 ;src/main.c:140: putchar (tinta);
   0115 21 02 00      [10]  265 	ld	hl, #2+0
   0118 39            [11]  266 	add	hl, sp
   0119 4E            [ 7]  267 	ld	c, (hl)
   011A 06 00         [ 7]  268 	ld	b, #0x00
   011C C5            [11]  269 	push	bc
   011D CDr00r00      [17]  270 	call	_putchar
   0120 F1            [10]  271 	pop	af
   0121 C9            [10]  272 	ret
                            273 ;src/main.c:142: void cls () { putchar (FF); }
                            274 ;	---------------------------------
                            275 ; Function cls
                            276 ; ---------------------------------
   0122                     277 _cls::
   0122 21 0C 00      [10]  278 	ld	hl, #0x000c
   0125 E5            [11]  279 	push	hl
   0126 CDr00r00      [17]  280 	call	_putchar
   0129 F1            [10]  281 	pop	af
   012A C9            [10]  282 	ret
                            283 ;src/main.c:147: void PrintAt (u8 x, u8 y, char text[], u8 color)
                            284 ;	---------------------------------
                            285 ; Function PrintAt
                            286 ; ---------------------------------
   012B                     287 _PrintAt::
                            288 ;src/main.c:149: locate (x, y);
   012B 21 03 00      [10]  289 	ld	hl, #3+0
   012E 39            [11]  290 	add	hl, sp
   012F 7E            [ 7]  291 	ld	a, (hl)
   0130 F5            [11]  292 	push	af
   0131 33            [ 6]  293 	inc	sp
   0132 21 03 00      [10]  294 	ld	hl, #3+0
   0135 39            [11]  295 	add	hl, sp
   0136 7E            [ 7]  296 	ld	a, (hl)
   0137 F5            [11]  297 	push	af
   0138 33            [ 6]  298 	inc	sp
   0139 CDr89r00      [17]  299 	call	_locate
   013C F1            [10]  300 	pop	af
                            301 ;src/main.c:150: if (color != 0xff) pen (color);
   013D FD 21 06 00   [14]  302 	ld	iy, #6
   0141 FD 39         [15]  303 	add	iy, sp
   0143 FD 7E 00      [19]  304 	ld	a, 0 (iy)
   0146 3C            [ 4]  305 	inc	a
   0147 28 09         [12]  306 	jr	Z,00102$
   0149 FD 7E 00      [19]  307 	ld	a, 0 (iy)
   014C F5            [11]  308 	push	af
   014D 33            [ 6]  309 	inc	sp
   014E CDr0Dr01      [17]  310 	call	_pen
   0151 33            [ 6]  311 	inc	sp
   0152                     312 00102$:
                            313 ;src/main.c:151: printf (text);
   0152 21 04 00      [10]  314 	ld	hl, #4
   0155 39            [11]  315 	add	hl, sp
   0156 4E            [ 7]  316 	ld	c, (hl)
   0157 23            [ 6]  317 	inc	hl
   0158 46            [ 7]  318 	ld	b, (hl)
   0159 C5            [11]  319 	push	bc
   015A CDr00r00      [17]  320 	call	_printf
   015D F1            [10]  321 	pop	af
   015E C9            [10]  322 	ret
                            323 ;src/main.c:156: void InitializeCharacter (struct TCharacter *c,
                            324 ;	---------------------------------
                            325 ; Function InitializeCharacter
                            326 ; ---------------------------------
   015F                     327 _InitializeCharacter::
   015F DD E5         [15]  328 	push	ix
   0161 DD 21 00 00   [14]  329 	ld	ix,#0
   0165 DD 39         [15]  330 	add	ix,sp
   0167 21 F6 FF      [10]  331 	ld	hl, #-10
   016A 39            [11]  332 	add	hl, sp
   016B F9            [ 6]  333 	ld	sp, hl
                            334 ;src/main.c:160: c->x = x; c->y = y;
   016C DD 4E 04      [19]  335 	ld	c,4 (ix)
   016F DD 46 05      [19]  336 	ld	b,5 (ix)
   0172 DD 7E 06      [19]  337 	ld	a, 6 (ix)
   0175 02            [ 7]  338 	ld	(bc), a
   0176 59            [ 4]  339 	ld	e, c
   0177 50            [ 4]  340 	ld	d, b
   0178 13            [ 6]  341 	inc	de
   0179 DD 7E 07      [19]  342 	ld	a, 7 (ix)
   017C 12            [ 7]  343 	ld	(de), a
                            344 ;src/main.c:161: strcpy (c->spr, spr);
   017D 59            [ 4]  345 	ld	e, c
   017E 50            [ 4]  346 	ld	d, b
   017F 13            [ 6]  347 	inc	de
   0180 13            [ 6]  348 	inc	de
   0181 C5            [11]  349 	push	bc
   0182 DD 6E 08      [19]  350 	ld	l,8 (ix)
   0185 DD 66 09      [19]  351 	ld	h,9 (ix)
   0188 AF            [ 4]  352 	xor	a, a
   0189                     353 00103$:
   0189 BE            [ 7]  354 	cp	a, (hl)
   018A ED A0         [16]  355 	ldi
   018C 20 FB         [12]  356 	jr	NZ, 00103$
   018E C1            [10]  357 	pop	bc
                            358 ;src/main.c:162: c->color = color;
   018F 21 04 00      [10]  359 	ld	hl, #0x0004
   0192 09            [11]  360 	add	hl, bc
   0193 DD 7E 0A      [19]  361 	ld	a, 10 (ix)
   0196 77            [ 7]  362 	ld	(hl), a
                            363 ;src/main.c:163: strcpy (c->name, name);
   0197 21 05 00      [10]  364 	ld	hl, #0x0005
   019A 09            [11]  365 	add	hl,bc
   019B EB            [ 4]  366 	ex	de,hl
   019C C5            [11]  367 	push	bc
   019D DD 6E 0B      [19]  368 	ld	l,11 (ix)
   01A0 DD 66 0C      [19]  369 	ld	h,12 (ix)
   01A3 AF            [ 4]  370 	xor	a, a
   01A4                     371 00104$:
   01A4 BE            [ 7]  372 	cp	a, (hl)
   01A5 ED A0         [16]  373 	ldi
   01A7 20 FB         [12]  374 	jr	NZ, 00104$
   01A9 C1            [10]  375 	pop	bc
                            376 ;src/main.c:165: c->hp = hp;
   01AA 21 14 00      [10]  377 	ld	hl, #0x0014
   01AD 09            [11]  378 	add	hl, bc
   01AE DD 7E 0D      [19]  379 	ld	a, 13 (ix)
   01B1 77            [ 7]  380 	ld	(hl), a
   01B2 23            [ 6]  381 	inc	hl
   01B3 DD 7E 0E      [19]  382 	ld	a, 14 (ix)
   01B6 77            [ 7]  383 	ld	(hl), a
                            384 ;src/main.c:166: c->str = str;
   01B7 21 16 00      [10]  385 	ld	hl, #0x0016
   01BA 09            [11]  386 	add	hl, bc
   01BB DD 7E 0F      [19]  387 	ld	a, 15 (ix)
   01BE 77            [ 7]  388 	ld	(hl), a
                            389 ;src/main.c:167: c->destr = destr;
   01BF 21 17 00      [10]  390 	ld	hl, #0x0017
   01C2 09            [11]  391 	add	hl, bc
   01C3 DD 7E 10      [19]  392 	ld	a, 16 (ix)
   01C6 77            [ 7]  393 	ld	(hl), a
                            394 ;src/main.c:168: c->refl = refl;
   01C7 21 18 00      [10]  395 	ld	hl, #0x0018
   01CA 09            [11]  396 	add	hl, bc
   01CB DD 7E 11      [19]  397 	ld	a, 17 (ix)
   01CE 77            [ 7]  398 	ld	(hl), a
                            399 ;src/main.c:170: c->atk = 1.5 * c->str + c->destr;
   01CF 21 19 00      [10]  400 	ld	hl, #0x0019
   01D2 09            [11]  401 	add	hl,bc
   01D3 DD 75 FE      [19]  402 	ld	-2 (ix), l
   01D6 DD 74 FF      [19]  403 	ld	-1 (ix), h
   01D9 C5            [11]  404 	push	bc
   01DA DD 7E 0F      [19]  405 	ld	a, 15 (ix)
   01DD F5            [11]  406 	push	af
   01DE 33            [ 6]  407 	inc	sp
   01DF CDr00r00      [17]  408 	call	___uchar2fs
   01E2 33            [ 6]  409 	inc	sp
   01E3 EB            [ 4]  410 	ex	de, hl
   01E4 E5            [11]  411 	push	hl
   01E5 D5            [11]  412 	push	de
   01E6 21 C0 3F      [10]  413 	ld	hl, #0x3fc0
   01E9 E5            [11]  414 	push	hl
   01EA 21 00 00      [10]  415 	ld	hl, #0x0000
   01ED E5            [11]  416 	push	hl
   01EE CDr00r00      [17]  417 	call	___fsmul
   01F1 F1            [10]  418 	pop	af
   01F2 F1            [10]  419 	pop	af
   01F3 F1            [10]  420 	pop	af
   01F4 F1            [10]  421 	pop	af
   01F5 DD 72 FD      [19]  422 	ld	-3 (ix), d
   01F8 DD 73 FC      [19]  423 	ld	-4 (ix), e
   01FB DD 74 FB      [19]  424 	ld	-5 (ix), h
   01FE DD 75 FA      [19]  425 	ld	-6 (ix), l
   0201 C1            [10]  426 	pop	bc
   0202 DD 5E 10      [19]  427 	ld	e, 16 (ix)
   0205 16 00         [ 7]  428 	ld	d, #0x00
   0207 C5            [11]  429 	push	bc
   0208 D5            [11]  430 	push	de
   0209 CDr00r00      [17]  431 	call	___sint2fs
   020C F1            [10]  432 	pop	af
   020D EB            [ 4]  433 	ex	de, hl
   020E E5            [11]  434 	push	hl
   020F D5            [11]  435 	push	de
   0210 DD 6E FC      [19]  436 	ld	l,-4 (ix)
   0213 DD 66 FD      [19]  437 	ld	h,-3 (ix)
   0216 E5            [11]  438 	push	hl
   0217 DD 6E FA      [19]  439 	ld	l,-6 (ix)
   021A DD 66 FB      [19]  440 	ld	h,-5 (ix)
   021D E5            [11]  441 	push	hl
   021E CDr00r00      [17]  442 	call	___fsadd
   0221 F1            [10]  443 	pop	af
   0222 F1            [10]  444 	pop	af
   0223 F1            [10]  445 	pop	af
   0224 F1            [10]  446 	pop	af
   0225 D5            [11]  447 	push	de
   0226 E5            [11]  448 	push	hl
   0227 CDr00r00      [17]  449 	call	___fs2uint
   022A F1            [10]  450 	pop	af
   022B F1            [10]  451 	pop	af
   022C EB            [ 4]  452 	ex	de,hl
   022D C1            [10]  453 	pop	bc
   022E DD 6E FE      [19]  454 	ld	l,-2 (ix)
   0231 DD 66 FF      [19]  455 	ld	h,-1 (ix)
   0234 73            [ 7]  456 	ld	(hl), e
   0235 23            [ 6]  457 	inc	hl
   0236 72            [ 7]  458 	ld	(hl), d
                            459 ;src/main.c:171: c->defense = 1.5 * c->destr + c->refl;
   0237 21 1B 00      [10]  460 	ld	hl, #0x001b
   023A 09            [11]  461 	add	hl,bc
   023B DD 75 FA      [19]  462 	ld	-6 (ix), l
   023E DD 74 FB      [19]  463 	ld	-5 (ix), h
   0241 DD 7E 10      [19]  464 	ld	a, 16 (ix)
   0244 F5            [11]  465 	push	af
   0245 33            [ 6]  466 	inc	sp
   0246 CDr00r00      [17]  467 	call	___uchar2fs
   0249 33            [ 6]  468 	inc	sp
   024A EB            [ 4]  469 	ex	de, hl
   024B E5            [11]  470 	push	hl
   024C D5            [11]  471 	push	de
   024D 21 C0 3F      [10]  472 	ld	hl, #0x3fc0
   0250 E5            [11]  473 	push	hl
   0251 21 00 00      [10]  474 	ld	hl, #0x0000
   0254 E5            [11]  475 	push	hl
   0255 CDr00r00      [17]  476 	call	___fsmul
   0258 F1            [10]  477 	pop	af
   0259 F1            [10]  478 	pop	af
   025A F1            [10]  479 	pop	af
   025B F1            [10]  480 	pop	af
   025C DD 72 F9      [19]  481 	ld	-7 (ix), d
   025F DD 73 F8      [19]  482 	ld	-8 (ix), e
   0262 DD 74 F7      [19]  483 	ld	-9 (ix), h
   0265 DD 75 F6      [19]  484 	ld	-10 (ix), l
   0268 DD 4E 11      [19]  485 	ld	c, 17 (ix)
   026B 06 00         [ 7]  486 	ld	b, #0x00
   026D C5            [11]  487 	push	bc
   026E CDr00r00      [17]  488 	call	___sint2fs
   0271 F1            [10]  489 	pop	af
   0272 EB            [ 4]  490 	ex	de, hl
   0273 E5            [11]  491 	push	hl
   0274 D5            [11]  492 	push	de
   0275 DD 6E F8      [19]  493 	ld	l,-8 (ix)
   0278 DD 66 F9      [19]  494 	ld	h,-7 (ix)
   027B E5            [11]  495 	push	hl
   027C DD 6E F6      [19]  496 	ld	l,-10 (ix)
   027F DD 66 F7      [19]  497 	ld	h,-9 (ix)
   0282 E5            [11]  498 	push	hl
   0283 CDr00r00      [17]  499 	call	___fsadd
   0286 F1            [10]  500 	pop	af
   0287 F1            [10]  501 	pop	af
   0288 F1            [10]  502 	pop	af
   0289 F1            [10]  503 	pop	af
   028A D5            [11]  504 	push	de
   028B E5            [11]  505 	push	hl
   028C CDr00r00      [17]  506 	call	___fs2uint
   028F F1            [10]  507 	pop	af
   0290 F1            [10]  508 	pop	af
   0291 4D            [ 4]  509 	ld	c, l
   0292 44            [ 4]  510 	ld	b, h
   0293 DD 6E FA      [19]  511 	ld	l,-6 (ix)
   0296 DD 66 FB      [19]  512 	ld	h,-5 (ix)
   0299 71            [ 7]  513 	ld	(hl), c
   029A 23            [ 6]  514 	inc	hl
   029B 70            [ 7]  515 	ld	(hl), b
   029C DD F9         [10]  516 	ld	sp, ix
   029E DD E1         [14]  517 	pop	ix
   02A0 C9            [10]  518 	ret
                            519 ;src/main.c:177: void InitEntities (struct TCharacter* entities[])
                            520 ;	---------------------------------
                            521 ; Function InitEntities
                            522 ; ---------------------------------
   02A1                     523 _InitEntities::
                            524 ;src/main.c:180: do {
   02A1 0E 04         [ 7]  525 	ld	c, #0x04
   02A3                     526 00101$:
                            527 ;src/main.c:181: entities[i--] = NULL;
   02A3 59            [ 4]  528 	ld	e, c
   02A4 0D            [ 4]  529 	dec	c
   02A5 7B            [ 4]  530 	ld	a, e
   02A6 17            [ 4]  531 	rla
   02A7 9F            [ 4]  532 	sbc	a, a
   02A8 57            [ 4]  533 	ld	d, a
   02A9 CB 23         [ 8]  534 	sla	e
   02AB CB 12         [ 8]  535 	rl	d
   02AD FD 21 02 00   [14]  536 	ld	iy, #2
   02B1 FD 39         [15]  537 	add	iy, sp
   02B3 FD 7E 00      [19]  538 	ld	a, 0 (iy)
   02B6 83            [ 4]  539 	add	a, e
   02B7 47            [ 4]  540 	ld	b, a
   02B8 FD 7E 01      [19]  541 	ld	a, 1 (iy)
   02BB 8A            [ 4]  542 	adc	a, d
   02BC 67            [ 4]  543 	ld	h, a
   02BD 68            [ 4]  544 	ld	l, b
   02BE AF            [ 4]  545 	xor	a, a
   02BF 77            [ 7]  546 	ld	(hl), a
   02C0 23            [ 6]  547 	inc	hl
   02C1 77            [ 7]  548 	ld	(hl), a
                            549 ;src/main.c:182: } while (i != 0);
   02C2 79            [ 4]  550 	ld	a, c
   02C3 B7            [ 4]  551 	or	a, a
   02C4 20 DD         [12]  552 	jr	NZ,00101$
                            553 ;src/main.c:183: entities[0] = NULL;
   02C6 C1            [10]  554 	pop	bc
   02C7 E1            [10]  555 	pop	hl
   02C8 E5            [11]  556 	push	hl
   02C9 C5            [11]  557 	push	bc
   02CA AF            [ 4]  558 	xor	a, a
   02CB 77            [ 7]  559 	ld	(hl), a
   02CC 23            [ 6]  560 	inc	hl
   02CD 77            [ 7]  561 	ld	(hl), a
   02CE C9            [10]  562 	ret
                            563 ;src/main.c:188: void draw_map (struct TMap *map)
                            564 ;	---------------------------------
                            565 ; Function draw_map
                            566 ; ---------------------------------
   02CF                     567 _draw_map::
   02CF DD E5         [15]  568 	push	ix
   02D1 DD 21 00 00   [14]  569 	ld	ix,#0
   02D5 DD 39         [15]  570 	add	ix,sp
   02D7 21 F7 FF      [10]  571 	ld	hl, #-9
   02DA 39            [11]  572 	add	hl, sp
   02DB F9            [ 6]  573 	ld	sp, hl
                            574 ;src/main.c:194: for (i=0; i!=map->height; ++i) {
   02DC DD 4E 04      [19]  575 	ld	c,4 (ix)
   02DF DD 46 05      [19]  576 	ld	b,5 (ix)
   02E2 DD 71 FC      [19]  577 	ld	-4 (ix), c
   02E5 DD 70 FD      [19]  578 	ld	-3 (ix), b
   02E8 11 00 00      [10]  579 	ld	de, #0x0000
   02EB                     580 00110$:
   02EB DD 6E FC      [19]  581 	ld	l,-4 (ix)
   02EE DD 66 FD      [19]  582 	ld	h,-3 (ix)
   02F1 23            [ 6]  583 	inc	hl
   02F2 6E            [ 7]  584 	ld	l, (hl)
   02F3 DD 75 FA      [19]  585 	ld	-6 (ix), l
   02F6 DD 36 FB 00   [19]  586 	ld	-5 (ix), #0x00
   02FA DD 7E FA      [19]  587 	ld	a, -6 (ix)
   02FD 93            [ 4]  588 	sub	a, e
   02FE 20 07         [12]  589 	jr	NZ,00136$
   0300 DD 7E FB      [19]  590 	ld	a, -5 (ix)
   0303 92            [ 4]  591 	sub	a, d
   0304 CArAEr03      [10]  592 	jp	Z,00112$
   0307                     593 00136$:
                            594 ;src/main.c:195: for (j=0; j!=map->width; ++j) {
   0307 21 02 00      [10]  595 	ld	hl, #0x0002
   030A 09            [11]  596 	add	hl,bc
   030B DD 75 FA      [19]  597 	ld	-6 (ix), l
   030E DD 74 FB      [19]  598 	ld	-5 (ix), h
   0311 D5            [11]  599 	push	de
   0312 6B            [ 4]  600 	ld	l, e
   0313 62            [ 4]  601 	ld	h, d
   0314 29            [11]  602 	add	hl, hl
   0315 29            [11]  603 	add	hl, hl
   0316 19            [11]  604 	add	hl, de
   0317 29            [11]  605 	add	hl, hl
   0318 29            [11]  606 	add	hl, hl
   0319 D1            [10]  607 	pop	de
   031A DD 7E FA      [19]  608 	ld	a, -6 (ix)
   031D 85            [ 4]  609 	add	a, l
   031E DD 77 FA      [19]  610 	ld	-6 (ix), a
   0321 DD 7E FB      [19]  611 	ld	a, -5 (ix)
   0324 8C            [ 4]  612 	adc	a, h
   0325 DD 77 FB      [19]  613 	ld	-5 (ix), a
   0328 DD 36 F8 00   [19]  614 	ld	-8 (ix), #0x00
   032C DD 36 F9 00   [19]  615 	ld	-7 (ix), #0x00
   0330                     616 00107$:
   0330 0A            [ 7]  617 	ld	a, (bc)
   0331 DD 77 FE      [19]  618 	ld	-2 (ix), a
   0334 DD 36 FF 00   [19]  619 	ld	-1 (ix), #0x00
   0338 DD 7E F8      [19]  620 	ld	a, -8 (ix)
   033B DD 96 FE      [19]  621 	sub	a, -2 (ix)
   033E 20 08         [12]  622 	jr	NZ,00137$
   0340 DD 7E F9      [19]  623 	ld	a, -7 (ix)
   0343 DD 96 FF      [19]  624 	sub	a, -1 (ix)
   0346 28 62         [12]  625 	jr	Z,00111$
   0348                     626 00137$:
                            627 ;src/main.c:196: is_wall = map->tiles[i][j].blocked;
   0348 DD 7E FA      [19]  628 	ld	a, -6 (ix)
   034B DD 86 F8      [19]  629 	add	a, -8 (ix)
   034E 6F            [ 4]  630 	ld	l, a
   034F DD 7E FB      [19]  631 	ld	a, -5 (ix)
   0352 DD 8E F9      [19]  632 	adc	a, -7 (ix)
   0355 67            [ 4]  633 	ld	h, a
   0356 7E            [ 7]  634 	ld	a, (hl)
   0357 DD 77 F7      [19]  635 	ld	-9 (ix), a
                            636 ;src/main.c:199: PrintAt (PLAY_X+j,PLAY_Y+i, "#", PEN_TILE);
   035A 63            [ 4]  637 	ld	h, e
   035B DD 6E F8      [19]  638 	ld	l, -8 (ix)
   035E 24            [ 4]  639 	inc	h
   035F 24            [ 4]  640 	inc	h
   0360 24            [ 4]  641 	inc	h
   0361 24            [ 4]  642 	inc	h
   0362 2C            [ 4]  643 	inc	l
   0363 2C            [ 4]  644 	inc	l
   0364 2C            [ 4]  645 	inc	l
   0365 2C            [ 4]  646 	inc	l
                            647 ;src/main.c:198: if (is_wall) {
   0366 DD 7E F7      [19]  648 	ld	a, -9 (ix)
   0369 B7            [ 4]  649 	or	a, a
   036A 28 1B         [12]  650 	jr	Z,00102$
                            651 ;src/main.c:199: PrintAt (PLAY_X+j,PLAY_Y+i, "#", PEN_TILE);
   036C FD 21rB3r03   [14]  652 	ld	iy, #___str_0
   0370 C5            [11]  653 	push	bc
   0371 D5            [11]  654 	push	de
   0372 3E 02         [ 7]  655 	ld	a, #0x02
   0374 F5            [11]  656 	push	af
   0375 33            [ 6]  657 	inc	sp
   0376 FD E5         [15]  658 	push	iy
   0378 E5            [11]  659 	push	hl
   0379 33            [ 6]  660 	inc	sp
   037A 7D            [ 4]  661 	ld	a, l
   037B F5            [11]  662 	push	af
   037C 33            [ 6]  663 	inc	sp
   037D CDr2Br01      [17]  664 	call	_PrintAt
   0380 F1            [10]  665 	pop	af
   0381 F1            [10]  666 	pop	af
   0382 33            [ 6]  667 	inc	sp
   0383 D1            [10]  668 	pop	de
   0384 C1            [10]  669 	pop	bc
   0385 18 19         [12]  670 	jr	00108$
   0387                     671 00102$:
                            672 ;src/main.c:202: PrintAt (PLAY_X+j,PLAY_Y+i, ".", PEN_TILE);
   0387 FD 21rB5r03   [14]  673 	ld	iy, #___str_1
   038B C5            [11]  674 	push	bc
   038C D5            [11]  675 	push	de
   038D 3E 02         [ 7]  676 	ld	a, #0x02
   038F F5            [11]  677 	push	af
   0390 33            [ 6]  678 	inc	sp
   0391 FD E5         [15]  679 	push	iy
   0393 E5            [11]  680 	push	hl
   0394 33            [ 6]  681 	inc	sp
   0395 7D            [ 4]  682 	ld	a, l
   0396 F5            [11]  683 	push	af
   0397 33            [ 6]  684 	inc	sp
   0398 CDr2Br01      [17]  685 	call	_PrintAt
   039B F1            [10]  686 	pop	af
   039C F1            [10]  687 	pop	af
   039D 33            [ 6]  688 	inc	sp
   039E D1            [10]  689 	pop	de
   039F C1            [10]  690 	pop	bc
   03A0                     691 00108$:
                            692 ;src/main.c:195: for (j=0; j!=map->width; ++j) {
   03A0 DD 34 F8      [23]  693 	inc	-8 (ix)
   03A3 20 8B         [12]  694 	jr	NZ,00107$
   03A5 DD 34 F9      [23]  695 	inc	-7 (ix)
   03A8 18 86         [12]  696 	jr	00107$
   03AA                     697 00111$:
                            698 ;src/main.c:194: for (i=0; i!=map->height; ++i) {
   03AA 13            [ 6]  699 	inc	de
   03AB C3rEBr02      [10]  700 	jp	00110$
   03AE                     701 00112$:
   03AE DD F9         [10]  702 	ld	sp, ix
   03B0 DD E1         [14]  703 	pop	ix
   03B2 C9            [10]  704 	ret
   03B3                     705 ___str_0:
   03B3 23                  706 	.ascii "#"
   03B4 00                  707 	.db 0x00
   03B5                     708 ___str_1:
   03B5 2E                  709 	.ascii "."
   03B6 00                  710 	.db 0x00
                            711 ;src/main.c:223: void InitColors()
                            712 ;	---------------------------------
                            713 ; Function InitColors
                            714 ; ---------------------------------
   03B7                     715 _InitColors::
                            716 ;src/main.c:225: ink (0, 0,0);
   03B7 21 00 00      [10]  717 	ld	hl, #0x0000
   03BA E5            [11]  718 	push	hl
   03BB AF            [ 4]  719 	xor	a, a
   03BC F5            [11]  720 	push	af
   03BD 33            [ 6]  721 	inc	sp
   03BE CDrAAr00      [17]  722 	call	_ink
                            723 ;src/main.c:226: border (0,0); paper (0);
   03C1 33            [ 6]  724 	inc	sp
   03C2 21 00 00      [10]  725 	ld	hl,#0x0000
   03C5 E3            [19]  726 	ex	(sp),hl
   03C6 CDrD7r00      [17]  727 	call	_border
   03C9 F1            [10]  728 	pop	af
   03CA AF            [ 4]  729 	xor	a, a
   03CB F5            [11]  730 	push	af
   03CC 33            [ 6]  731 	inc	sp
   03CD CDrF8r00      [17]  732 	call	_paper
   03D0 33            [ 6]  733 	inc	sp
                            734 ;src/main.c:228: ink (PEN_ENTITY, INK_ENTITY, INK_ENTITY);
   03D1 21 14 14      [10]  735 	ld	hl, #0x1414
   03D4 E5            [11]  736 	push	hl
   03D5 3E 01         [ 7]  737 	ld	a, #0x01
   03D7 F5            [11]  738 	push	af
   03D8 33            [ 6]  739 	inc	sp
   03D9 CDrAAr00      [17]  740 	call	_ink
                            741 ;src/main.c:229: ink (PEN_TILE, INK_LIGHT_TILE, INK_LIGHT_TILE);
   03DC 33            [ 6]  742 	inc	sp
   03DD 21 0D 0D      [10]  743 	ld	hl,#0x0d0d
   03E0 E3            [19]  744 	ex	(sp),hl
   03E1 3E 02         [ 7]  745 	ld	a, #0x02
   03E3 F5            [11]  746 	push	af
   03E4 33            [ 6]  747 	inc	sp
   03E5 CDrAAr00      [17]  748 	call	_ink
                            749 ;src/main.c:230: ink (PEN_EXLORED, INK_DARK_TILE, INK_DARK_TILE);
   03E8 33            [ 6]  750 	inc	sp
   03E9 21 01 01      [10]  751 	ld	hl,#0x0101
   03EC E3            [19]  752 	ex	(sp),hl
   03ED 3E 03         [ 7]  753 	ld	a, #0x03
   03EF F5            [11]  754 	push	af
   03F0 33            [ 6]  755 	inc	sp
   03F1 CDrAAr00      [17]  756 	call	_ink
   03F4 F1            [10]  757 	pop	af
   03F5 33            [ 6]  758 	inc	sp
   03F6 C9            [10]  759 	ret
                            760 ;src/main.c:236: void PrintCharacterStats (struct TCharacter *c, u8 y,
                            761 ;	---------------------------------
                            762 ; Function PrintCharacterStats
                            763 ; ---------------------------------
   03F7                     764 _PrintCharacterStats::
   03F7 DD E5         [15]  765 	push	ix
   03F9 DD 21 00 00   [14]  766 	ld	ix,#0
   03FD DD 39         [15]  767 	add	ix,sp
   03FF 21 F2 FF      [10]  768 	ld	hl, #-14
   0402 39            [11]  769 	add	hl, sp
   0403 F9            [ 6]  770 	ld	sp, hl
                            771 ;src/main.c:240: PrintAt (10,y, c->name, color1); PrintAt (21,y, c->spr, color2);
   0404 DD 7E 04      [19]  772 	ld	a, 4 (ix)
   0407 DD 77 FE      [19]  773 	ld	-2 (ix), a
   040A DD 7E 05      [19]  774 	ld	a, 5 (ix)
   040D DD 77 FF      [19]  775 	ld	-1 (ix), a
   0410 DD 7E FE      [19]  776 	ld	a, -2 (ix)
   0413 C6 05         [ 7]  777 	add	a, #0x05
   0415 4F            [ 4]  778 	ld	c, a
   0416 DD 7E FF      [19]  779 	ld	a, -1 (ix)
   0419 CE 00         [ 7]  780 	adc	a, #0x00
   041B 47            [ 4]  781 	ld	b, a
   041C DD 7E 07      [19]  782 	ld	a, 7 (ix)
   041F F5            [11]  783 	push	af
   0420 33            [ 6]  784 	inc	sp
   0421 C5            [11]  785 	push	bc
   0422 DD 56 06      [19]  786 	ld	d, 6 (ix)
   0425 1E 0A         [ 7]  787 	ld	e,#0x0a
   0427 D5            [11]  788 	push	de
   0428 CDr2Br01      [17]  789 	call	_PrintAt
   042B F1            [10]  790 	pop	af
   042C F1            [10]  791 	pop	af
   042D 33            [ 6]  792 	inc	sp
   042E DD 4E FE      [19]  793 	ld	c,-2 (ix)
   0431 DD 46 FF      [19]  794 	ld	b,-1 (ix)
   0434 03            [ 6]  795 	inc	bc
   0435 03            [ 6]  796 	inc	bc
   0436 DD 7E 08      [19]  797 	ld	a, 8 (ix)
   0439 F5            [11]  798 	push	af
   043A 33            [ 6]  799 	inc	sp
   043B C5            [11]  800 	push	bc
   043C DD 56 06      [19]  801 	ld	d, 6 (ix)
   043F 1E 15         [ 7]  802 	ld	e,#0x15
   0441 D5            [11]  803 	push	de
   0442 CDr2Br01      [17]  804 	call	_PrintAt
   0445 F1            [10]  805 	pop	af
   0446 F1            [10]  806 	pop	af
   0447 33            [ 6]  807 	inc	sp
                            808 ;src/main.c:241: PrintAt (1, y+1, "STR ",color1);
   0448 DD 46 06      [19]  809 	ld	b, 6 (ix)
   044B 04            [ 4]  810 	inc	b
   044C C5            [11]  811 	push	bc
   044D DD 7E 07      [19]  812 	ld	a, 7 (ix)
   0450 F5            [11]  813 	push	af
   0451 33            [ 6]  814 	inc	sp
   0452 21r4Br06      [10]  815 	ld	hl, #___str_2
   0455 E5            [11]  816 	push	hl
   0456 C5            [11]  817 	push	bc
   0457 33            [ 6]  818 	inc	sp
   0458 3E 01         [ 7]  819 	ld	a, #0x01
   045A F5            [11]  820 	push	af
   045B 33            [ 6]  821 	inc	sp
   045C CDr2Br01      [17]  822 	call	_PrintAt
   045F F1            [10]  823 	pop	af
   0460 F1            [10]  824 	pop	af
   0461 33            [ 6]  825 	inc	sp
   0462 C1            [10]  826 	pop	bc
                            827 ;src/main.c:242: PrintAt (10,y+1, "DES ",color1);
   0463 C5            [11]  828 	push	bc
   0464 DD 7E 07      [19]  829 	ld	a, 7 (ix)
   0467 F5            [11]  830 	push	af
   0468 33            [ 6]  831 	inc	sp
   0469 21r50r06      [10]  832 	ld	hl, #___str_3
   046C E5            [11]  833 	push	hl
   046D C5            [11]  834 	push	bc
   046E 33            [ 6]  835 	inc	sp
   046F 3E 0A         [ 7]  836 	ld	a, #0x0a
   0471 F5            [11]  837 	push	af
   0472 33            [ 6]  838 	inc	sp
   0473 CDr2Br01      [17]  839 	call	_PrintAt
   0476 F1            [10]  840 	pop	af
   0477 F1            [10]  841 	pop	af
   0478 33            [ 6]  842 	inc	sp
   0479 C1            [10]  843 	pop	bc
                            844 ;src/main.c:243: PrintAt (20,y+1, "REF ",color1);
   047A C5            [11]  845 	push	bc
   047B DD 7E 07      [19]  846 	ld	a, 7 (ix)
   047E F5            [11]  847 	push	af
   047F 33            [ 6]  848 	inc	sp
   0480 21r55r06      [10]  849 	ld	hl, #___str_4
   0483 E5            [11]  850 	push	hl
   0484 C5            [11]  851 	push	bc
   0485 33            [ 6]  852 	inc	sp
   0486 3E 14         [ 7]  853 	ld	a, #0x14
   0488 F5            [11]  854 	push	af
   0489 33            [ 6]  855 	inc	sp
   048A CDr2Br01      [17]  856 	call	_PrintAt
   048D F1            [10]  857 	pop	af
   048E F1            [10]  858 	pop	af
   048F 33            [ 6]  859 	inc	sp
   0490 C1            [10]  860 	pop	bc
                            861 ;src/main.c:244: sprintf (num, "[%d] ", c->str);
   0491 DD 6E FE      [19]  862 	ld	l,-2 (ix)
   0494 DD 66 FF      [19]  863 	ld	h,-1 (ix)
   0497 11 16 00      [10]  864 	ld	de, #0x0016
   049A 19            [11]  865 	add	hl, de
   049B 5E            [ 7]  866 	ld	e, (hl)
   049C 16 00         [ 7]  867 	ld	d, #0x00
   049E 21 00 00      [10]  868 	ld	hl, #0x0000
   04A1 39            [11]  869 	add	hl, sp
   04A2 DD 75 FC      [19]  870 	ld	-4 (ix), l
   04A5 DD 74 FD      [19]  871 	ld	-3 (ix), h
   04A8 C5            [11]  872 	push	bc
   04A9 D5            [11]  873 	push	de
   04AA 11r5Ar06      [10]  874 	ld	de, #___str_5
   04AD D5            [11]  875 	push	de
   04AE E5            [11]  876 	push	hl
   04AF CDr00r00      [17]  877 	call	_sprintf
   04B2 21 06 00      [10]  878 	ld	hl, #6
   04B5 39            [11]  879 	add	hl, sp
   04B6 F9            [ 6]  880 	ld	sp, hl
   04B7 C1            [10]  881 	pop	bc
                            882 ;src/main.c:245: PrintAt (5,y+1, num, color2);
   04B8 DD 5E FC      [19]  883 	ld	e,-4 (ix)
   04BB DD 56 FD      [19]  884 	ld	d,-3 (ix)
   04BE C5            [11]  885 	push	bc
   04BF DD 7E 08      [19]  886 	ld	a, 8 (ix)
   04C2 F5            [11]  887 	push	af
   04C3 33            [ 6]  888 	inc	sp
   04C4 D5            [11]  889 	push	de
   04C5 C5            [11]  890 	push	bc
   04C6 33            [ 6]  891 	inc	sp
   04C7 3E 05         [ 7]  892 	ld	a, #0x05
   04C9 F5            [11]  893 	push	af
   04CA 33            [ 6]  894 	inc	sp
   04CB CDr2Br01      [17]  895 	call	_PrintAt
   04CE F1            [10]  896 	pop	af
   04CF F1            [10]  897 	pop	af
   04D0 33            [ 6]  898 	inc	sp
   04D1 C1            [10]  899 	pop	bc
                            900 ;src/main.c:246: sprintf (num, "[%d] ", c->destr);
   04D2 DD 6E FE      [19]  901 	ld	l,-2 (ix)
   04D5 DD 66 FF      [19]  902 	ld	h,-1 (ix)
   04D8 11 17 00      [10]  903 	ld	de, #0x0017
   04DB 19            [11]  904 	add	hl, de
   04DC 5E            [ 7]  905 	ld	e, (hl)
   04DD 16 00         [ 7]  906 	ld	d, #0x00
   04DF DD 6E FC      [19]  907 	ld	l,-4 (ix)
   04E2 DD 66 FD      [19]  908 	ld	h,-3 (ix)
   04E5 C5            [11]  909 	push	bc
   04E6 D5            [11]  910 	push	de
   04E7 11r5Ar06      [10]  911 	ld	de, #___str_5
   04EA D5            [11]  912 	push	de
   04EB E5            [11]  913 	push	hl
   04EC CDr00r00      [17]  914 	call	_sprintf
   04EF 21 06 00      [10]  915 	ld	hl, #6
   04F2 39            [11]  916 	add	hl, sp
   04F3 F9            [ 6]  917 	ld	sp, hl
   04F4 C1            [10]  918 	pop	bc
                            919 ;src/main.c:247: PrintAt (15,y+1, num, color2);
   04F5 DD 5E FC      [19]  920 	ld	e,-4 (ix)
   04F8 DD 56 FD      [19]  921 	ld	d,-3 (ix)
   04FB C5            [11]  922 	push	bc
   04FC DD 7E 08      [19]  923 	ld	a, 8 (ix)
   04FF F5            [11]  924 	push	af
   0500 33            [ 6]  925 	inc	sp
   0501 D5            [11]  926 	push	de
   0502 C5            [11]  927 	push	bc
   0503 33            [ 6]  928 	inc	sp
   0504 3E 0F         [ 7]  929 	ld	a, #0x0f
   0506 F5            [11]  930 	push	af
   0507 33            [ 6]  931 	inc	sp
   0508 CDr2Br01      [17]  932 	call	_PrintAt
   050B F1            [10]  933 	pop	af
   050C F1            [10]  934 	pop	af
   050D 33            [ 6]  935 	inc	sp
   050E C1            [10]  936 	pop	bc
                            937 ;src/main.c:248: sprintf (num, "[%d] ", c->refl);
   050F DD 6E FE      [19]  938 	ld	l,-2 (ix)
   0512 DD 66 FF      [19]  939 	ld	h,-1 (ix)
   0515 11 18 00      [10]  940 	ld	de, #0x0018
   0518 19            [11]  941 	add	hl, de
   0519 5E            [ 7]  942 	ld	e, (hl)
   051A 16 00         [ 7]  943 	ld	d, #0x00
   051C DD 6E FC      [19]  944 	ld	l,-4 (ix)
   051F DD 66 FD      [19]  945 	ld	h,-3 (ix)
   0522 C5            [11]  946 	push	bc
   0523 D5            [11]  947 	push	de
   0524 11r5Ar06      [10]  948 	ld	de, #___str_5
   0527 D5            [11]  949 	push	de
   0528 E5            [11]  950 	push	hl
   0529 CDr00r00      [17]  951 	call	_sprintf
   052C 21 06 00      [10]  952 	ld	hl, #6
   052F 39            [11]  953 	add	hl, sp
   0530 F9            [ 6]  954 	ld	sp, hl
   0531 C1            [10]  955 	pop	bc
                            956 ;src/main.c:249: PrintAt (25,y+1, num, color2);
   0532 DD 5E FC      [19]  957 	ld	e,-4 (ix)
   0535 DD 56 FD      [19]  958 	ld	d,-3 (ix)
   0538 DD 7E 08      [19]  959 	ld	a, 8 (ix)
   053B F5            [11]  960 	push	af
   053C 33            [ 6]  961 	inc	sp
   053D D5            [11]  962 	push	de
   053E C5            [11]  963 	push	bc
   053F 33            [ 6]  964 	inc	sp
   0540 3E 19         [ 7]  965 	ld	a, #0x19
   0542 F5            [11]  966 	push	af
   0543 33            [ 6]  967 	inc	sp
   0544 CDr2Br01      [17]  968 	call	_PrintAt
   0547 F1            [10]  969 	pop	af
   0548 F1            [10]  970 	pop	af
   0549 33            [ 6]  971 	inc	sp
                            972 ;src/main.c:251: PrintAt (1, y+2, "ATK ", color1);
   054A DD 46 06      [19]  973 	ld	b, 6 (ix)
   054D 04            [ 4]  974 	inc	b
   054E 04            [ 4]  975 	inc	b
   054F C5            [11]  976 	push	bc
   0550 DD 7E 07      [19]  977 	ld	a, 7 (ix)
   0553 F5            [11]  978 	push	af
   0554 33            [ 6]  979 	inc	sp
   0555 21r60r06      [10]  980 	ld	hl, #___str_6
   0558 E5            [11]  981 	push	hl
   0559 C5            [11]  982 	push	bc
   055A 33            [ 6]  983 	inc	sp
   055B 3E 01         [ 7]  984 	ld	a, #0x01
   055D F5            [11]  985 	push	af
   055E 33            [ 6]  986 	inc	sp
   055F CDr2Br01      [17]  987 	call	_PrintAt
   0562 F1            [10]  988 	pop	af
   0563 F1            [10]  989 	pop	af
   0564 33            [ 6]  990 	inc	sp
   0565 C1            [10]  991 	pop	bc
                            992 ;src/main.c:252: PrintAt (10,y+2, "DEF ", color1);
   0566 C5            [11]  993 	push	bc
   0567 DD 7E 07      [19]  994 	ld	a, 7 (ix)
   056A F5            [11]  995 	push	af
   056B 33            [ 6]  996 	inc	sp
   056C 21r65r06      [10]  997 	ld	hl, #___str_7
   056F E5            [11]  998 	push	hl
   0570 C5            [11]  999 	push	bc
   0571 33            [ 6] 1000 	inc	sp
   0572 3E 0A         [ 7] 1001 	ld	a, #0x0a
   0574 F5            [11] 1002 	push	af
   0575 33            [ 6] 1003 	inc	sp
   0576 CDr2Br01      [17] 1004 	call	_PrintAt
   0579 F1            [10] 1005 	pop	af
   057A F1            [10] 1006 	pop	af
   057B 33            [ 6] 1007 	inc	sp
   057C C1            [10] 1008 	pop	bc
                           1009 ;src/main.c:253: PrintAt (20,y+2, " HP ", color1);
   057D C5            [11] 1010 	push	bc
   057E DD 7E 07      [19] 1011 	ld	a, 7 (ix)
   0581 F5            [11] 1012 	push	af
   0582 33            [ 6] 1013 	inc	sp
   0583 21r6Ar06      [10] 1014 	ld	hl, #___str_8
   0586 E5            [11] 1015 	push	hl
   0587 C5            [11] 1016 	push	bc
   0588 33            [ 6] 1017 	inc	sp
   0589 3E 14         [ 7] 1018 	ld	a, #0x14
   058B F5            [11] 1019 	push	af
   058C 33            [ 6] 1020 	inc	sp
   058D CDr2Br01      [17] 1021 	call	_PrintAt
   0590 F1            [10] 1022 	pop	af
   0591 F1            [10] 1023 	pop	af
   0592 33            [ 6] 1024 	inc	sp
   0593 C1            [10] 1025 	pop	bc
                           1026 ;src/main.c:254: sprintf (num, "[%d] ", c->atk);
   0594 DD 6E FE      [19] 1027 	ld	l,-2 (ix)
   0597 DD 66 FF      [19] 1028 	ld	h,-1 (ix)
   059A 11 19 00      [10] 1029 	ld	de, #0x0019
   059D 19            [11] 1030 	add	hl, de
   059E 5E            [ 7] 1031 	ld	e, (hl)
   059F 23            [ 6] 1032 	inc	hl
   05A0 56            [ 7] 1033 	ld	d, (hl)
   05A1 DD 6E FC      [19] 1034 	ld	l,-4 (ix)
   05A4 DD 66 FD      [19] 1035 	ld	h,-3 (ix)
   05A7 C5            [11] 1036 	push	bc
   05A8 D5            [11] 1037 	push	de
   05A9 11r5Ar06      [10] 1038 	ld	de, #___str_5
   05AC D5            [11] 1039 	push	de
   05AD E5            [11] 1040 	push	hl
   05AE CDr00r00      [17] 1041 	call	_sprintf
   05B1 21 06 00      [10] 1042 	ld	hl, #6
   05B4 39            [11] 1043 	add	hl, sp
   05B5 F9            [ 6] 1044 	ld	sp, hl
   05B6 C1            [10] 1045 	pop	bc
                           1046 ;src/main.c:255: PrintAt (5,y+2, num, color2);
   05B7 DD 5E FC      [19] 1047 	ld	e,-4 (ix)
   05BA DD 56 FD      [19] 1048 	ld	d,-3 (ix)
   05BD C5            [11] 1049 	push	bc
   05BE DD 7E 08      [19] 1050 	ld	a, 8 (ix)
   05C1 F5            [11] 1051 	push	af
   05C2 33            [ 6] 1052 	inc	sp
   05C3 D5            [11] 1053 	push	de
   05C4 C5            [11] 1054 	push	bc
   05C5 33            [ 6] 1055 	inc	sp
   05C6 3E 05         [ 7] 1056 	ld	a, #0x05
   05C8 F5            [11] 1057 	push	af
   05C9 33            [ 6] 1058 	inc	sp
   05CA CDr2Br01      [17] 1059 	call	_PrintAt
   05CD F1            [10] 1060 	pop	af
   05CE F1            [10] 1061 	pop	af
   05CF 33            [ 6] 1062 	inc	sp
   05D0 C1            [10] 1063 	pop	bc
                           1064 ;src/main.c:256: sprintf (num, "[%d] ",c->defense);
   05D1 DD 6E FE      [19] 1065 	ld	l,-2 (ix)
   05D4 DD 66 FF      [19] 1066 	ld	h,-1 (ix)
   05D7 11 1B 00      [10] 1067 	ld	de, #0x001b
   05DA 19            [11] 1068 	add	hl, de
   05DB 5E            [ 7] 1069 	ld	e, (hl)
   05DC 23            [ 6] 1070 	inc	hl
   05DD 56            [ 7] 1071 	ld	d, (hl)
   05DE DD 6E FC      [19] 1072 	ld	l,-4 (ix)
   05E1 DD 66 FD      [19] 1073 	ld	h,-3 (ix)
   05E4 C5            [11] 1074 	push	bc
   05E5 D5            [11] 1075 	push	de
   05E6 11r5Ar06      [10] 1076 	ld	de, #___str_5
   05E9 D5            [11] 1077 	push	de
   05EA E5            [11] 1078 	push	hl
   05EB CDr00r00      [17] 1079 	call	_sprintf
   05EE 21 06 00      [10] 1080 	ld	hl, #6
   05F1 39            [11] 1081 	add	hl, sp
   05F2 F9            [ 6] 1082 	ld	sp, hl
   05F3 C1            [10] 1083 	pop	bc
                           1084 ;src/main.c:257: PrintAt (15,y+2, num, color2);
   05F4 DD 5E FC      [19] 1085 	ld	e,-4 (ix)
   05F7 DD 56 FD      [19] 1086 	ld	d,-3 (ix)
   05FA C5            [11] 1087 	push	bc
   05FB DD 7E 08      [19] 1088 	ld	a, 8 (ix)
   05FE F5            [11] 1089 	push	af
   05FF 33            [ 6] 1090 	inc	sp
   0600 D5            [11] 1091 	push	de
   0601 C5            [11] 1092 	push	bc
   0602 33            [ 6] 1093 	inc	sp
   0603 3E 0F         [ 7] 1094 	ld	a, #0x0f
   0605 F5            [11] 1095 	push	af
   0606 33            [ 6] 1096 	inc	sp
   0607 CDr2Br01      [17] 1097 	call	_PrintAt
   060A F1            [10] 1098 	pop	af
   060B F1            [10] 1099 	pop	af
   060C 33            [ 6] 1100 	inc	sp
   060D C1            [10] 1101 	pop	bc
                           1102 ;src/main.c:258: sprintf (num, "[%d]\r\n", c->hp);
   060E DD 6E FE      [19] 1103 	ld	l,-2 (ix)
   0611 DD 66 FF      [19] 1104 	ld	h,-1 (ix)
   0614 11 14 00      [10] 1105 	ld	de, #0x0014
   0617 19            [11] 1106 	add	hl, de
   0618 5E            [ 7] 1107 	ld	e, (hl)
   0619 23            [ 6] 1108 	inc	hl
   061A 56            [ 7] 1109 	ld	d, (hl)
   061B DD 6E FC      [19] 1110 	ld	l,-4 (ix)
   061E DD 66 FD      [19] 1111 	ld	h,-3 (ix)
   0621 C5            [11] 1112 	push	bc
   0622 D5            [11] 1113 	push	de
   0623 11r6Fr06      [10] 1114 	ld	de, #___str_9
   0626 D5            [11] 1115 	push	de
   0627 E5            [11] 1116 	push	hl
   0628 CDr00r00      [17] 1117 	call	_sprintf
   062B 21 06 00      [10] 1118 	ld	hl, #6
   062E 39            [11] 1119 	add	hl, sp
   062F F9            [ 6] 1120 	ld	sp, hl
   0630 C1            [10] 1121 	pop	bc
                           1122 ;src/main.c:259: PrintAt (25,y+2, num, color2);
   0631 DD 5E FC      [19] 1123 	ld	e,-4 (ix)
   0634 DD 56 FD      [19] 1124 	ld	d,-3 (ix)
   0637 DD 7E 08      [19] 1125 	ld	a, 8 (ix)
   063A F5            [11] 1126 	push	af
   063B 33            [ 6] 1127 	inc	sp
   063C D5            [11] 1128 	push	de
   063D C5            [11] 1129 	push	bc
   063E 33            [ 6] 1130 	inc	sp
   063F 3E 19         [ 7] 1131 	ld	a, #0x19
   0641 F5            [11] 1132 	push	af
   0642 33            [ 6] 1133 	inc	sp
   0643 CDr2Br01      [17] 1134 	call	_PrintAt
   0646 DD F9         [10] 1135 	ld	sp,ix
   0648 DD E1         [14] 1136 	pop	ix
   064A C9            [10] 1137 	ret
   064B                    1138 ___str_2:
   064B 53 54 52 20        1139 	.ascii "STR "
   064F 00                 1140 	.db 0x00
   0650                    1141 ___str_3:
   0650 44 45 53 20        1142 	.ascii "DES "
   0654 00                 1143 	.db 0x00
   0655                    1144 ___str_4:
   0655 52 45 46 20        1145 	.ascii "REF "
   0659 00                 1146 	.db 0x00
   065A                    1147 ___str_5:
   065A 5B 25 64 5D 20     1148 	.ascii "[%d] "
   065F 00                 1149 	.db 0x00
   0660                    1150 ___str_6:
   0660 41 54 4B 20        1151 	.ascii "ATK "
   0664 00                 1152 	.db 0x00
   0665                    1153 ___str_7:
   0665 44 45 46 20        1154 	.ascii "DEF "
   0669 00                 1155 	.db 0x00
   066A                    1156 ___str_8:
   066A 20 48 50 20        1157 	.ascii " HP "
   066E 00                 1158 	.db 0x00
   066F                    1159 ___str_9:
   066F 5B 25 64 5D        1160 	.ascii "[%d]"
   0673 0D                 1161 	.db 0x0d
   0674 0A                 1162 	.db 0x0a
   0675 00                 1163 	.db 0x00
                           1164 ;src/main.c:264: void ClearStatusLine()
                           1165 ;	---------------------------------
                           1166 ; Function ClearStatusLine
                           1167 ; ---------------------------------
   0676                    1168 _ClearStatusLine::
                           1169 ;src/main.c:267: for (row = 20; row <=23; ++row) {
   0676 06 14         [ 7] 1170 	ld	b, #0x14
   0678                    1171 00102$:
                           1172 ;src/main.c:268: PrintAt (1,row, "                                        ", 0xff);
   0678 C5            [11] 1173 	push	bc
   0679 3E FF         [ 7] 1174 	ld	a, #0xff
   067B F5            [11] 1175 	push	af
   067C 33            [ 6] 1176 	inc	sp
   067D 21r95r06      [10] 1177 	ld	hl, #___str_10
   0680 E5            [11] 1178 	push	hl
   0681 C5            [11] 1179 	push	bc
   0682 33            [ 6] 1180 	inc	sp
   0683 3E 01         [ 7] 1181 	ld	a, #0x01
   0685 F5            [11] 1182 	push	af
   0686 33            [ 6] 1183 	inc	sp
   0687 CDr2Br01      [17] 1184 	call	_PrintAt
   068A F1            [10] 1185 	pop	af
   068B F1            [10] 1186 	pop	af
   068C 33            [ 6] 1187 	inc	sp
   068D C1            [10] 1188 	pop	bc
                           1189 ;src/main.c:267: for (row = 20; row <=23; ++row) {
   068E 04            [ 4] 1190 	inc	b
   068F 3E 17         [ 7] 1191 	ld	a, #0x17
   0691 90            [ 4] 1192 	sub	a, b
   0692 30 E4         [12] 1193 	jr	NC,00102$
   0694 C9            [10] 1194 	ret
   0695                    1195 ___str_10:
   0695 20 20 20 20 20 20  1196 	.ascii "                                        "
        20 20 20 20 20 20
        20 20 20 20 20 20
        20 20 20 20 20 20
        20 20 20 20 20 20
        20 20 20 20 20 20
        20 20 20 20
   06BD 00                 1197 	.db 0x00
                           1198 ;src/main.c:274: u8 CalculateDamage (struct TCharacter *c)
                           1199 ;	---------------------------------
                           1200 ; Function CalculateDamage
                           1201 ; ---------------------------------
   06BE                    1202 _CalculateDamage::
   06BE DD E5         [15] 1203 	push	ix
   06C0 DD 21 00 00   [14] 1204 	ld	ix,#0
   06C4 DD 39         [15] 1205 	add	ix,sp
                           1206 ;src/main.c:276: return (c->atk*c->atk)/(5*c->defense);
   06C6 DD 4E 04      [19] 1207 	ld	c,4 (ix)
   06C9 DD 46 05      [19] 1208 	ld	b,5 (ix)
   06CC 69            [ 4] 1209 	ld	l, c
   06CD 60            [ 4] 1210 	ld	h, b
   06CE 11 19 00      [10] 1211 	ld	de, #0x0019
   06D1 19            [11] 1212 	add	hl, de
   06D2 5E            [ 7] 1213 	ld	e, (hl)
   06D3 23            [ 6] 1214 	inc	hl
   06D4 56            [ 7] 1215 	ld	d, (hl)
   06D5 C5            [11] 1216 	push	bc
   06D6 D5            [11] 1217 	push	de
   06D7 D5            [11] 1218 	push	de
   06D8 CDr00r00      [17] 1219 	call	__mulint
   06DB F1            [10] 1220 	pop	af
   06DC F1            [10] 1221 	pop	af
   06DD EB            [ 4] 1222 	ex	de,hl
   06DE E1            [10] 1223 	pop	hl
   06DF 01 1B 00      [10] 1224 	ld	bc, #0x001b
   06E2 09            [11] 1225 	add	hl, bc
   06E3 4E            [ 7] 1226 	ld	c, (hl)
   06E4 23            [ 6] 1227 	inc	hl
   06E5 46            [ 7] 1228 	ld	b, (hl)
   06E6 69            [ 4] 1229 	ld	l, c
   06E7 60            [ 4] 1230 	ld	h, b
   06E8 29            [11] 1231 	add	hl, hl
   06E9 29            [11] 1232 	add	hl, hl
   06EA 09            [11] 1233 	add	hl, bc
   06EB E5            [11] 1234 	push	hl
   06EC D5            [11] 1235 	push	de
   06ED CDr00r00      [17] 1236 	call	__divuint
   06F0 F1            [10] 1237 	pop	af
   06F1 F1            [10] 1238 	pop	af
   06F2 DD E1         [14] 1239 	pop	ix
   06F4 C9            [10] 1240 	ret
                           1241 ;src/main.c:281: void TakeDamage (struct TCharacter *c, u8 dmg)
                           1242 ;	---------------------------------
                           1243 ; Function TakeDamage
                           1244 ; ---------------------------------
   06F5                    1245 _TakeDamage::
   06F5 DD E5         [15] 1246 	push	ix
   06F7 DD 21 00 00   [14] 1247 	ld	ix,#0
   06FB DD 39         [15] 1248 	add	ix,sp
                           1249 ;src/main.c:283: c->hp -= dmg;
   06FD DD 4E 04      [19] 1250 	ld	c,4 (ix)
   0700 DD 46 05      [19] 1251 	ld	b,5 (ix)
   0703 21 14 00      [10] 1252 	ld	hl, #0x0014
   0706 09            [11] 1253 	add	hl, bc
   0707 E5            [11] 1254 	push	hl
   0708 4E            [ 7] 1255 	ld	c, (hl)
   0709 23            [ 6] 1256 	inc	hl
   070A 46            [ 7] 1257 	ld	b, (hl)
   070B E1            [10] 1258 	pop	hl
   070C DD 5E 06      [19] 1259 	ld	e, 6 (ix)
   070F 16 00         [ 7] 1260 	ld	d, #0x00
   0711 79            [ 4] 1261 	ld	a, c
   0712 93            [ 4] 1262 	sub	a, e
   0713 4F            [ 4] 1263 	ld	c, a
   0714 78            [ 4] 1264 	ld	a, b
   0715 9A            [ 4] 1265 	sbc	a, d
   0716 47            [ 4] 1266 	ld	b, a
   0717 71            [ 7] 1267 	ld	(hl), c
   0718 23            [ 6] 1268 	inc	hl
   0719 70            [ 7] 1269 	ld	(hl), b
   071A DD E1         [14] 1270 	pop	ix
   071C C9            [10] 1271 	ret
                           1272 ;src/main.c:288: void main(void) {
                           1273 ;	---------------------------------
                           1274 ; Function main
                           1275 ; ---------------------------------
   071D                    1276 _main::
   071D DD E5         [15] 1277 	push	ix
   071F DD 21 00 00   [14] 1278 	ld	ix,#0
   0723 DD 39         [15] 1279 	add	ix,sp
   0725 21 A7 FE      [10] 1280 	ld	hl, #-345
   0728 39            [11] 1281 	add	hl, sp
   0729 F9            [ 6] 1282 	ld	sp, hl
                           1283 ;src/main.c:303: ink (0,0,0); ink (1,0,0); ink (2,0,0);    // Black used palette colors
   072A 21 00 00      [10] 1284 	ld	hl, #0x0000
   072D E5            [11] 1285 	push	hl
   072E AF            [ 4] 1286 	xor	a, a
   072F F5            [11] 1287 	push	af
   0730 33            [ 6] 1288 	inc	sp
   0731 CDrAAr00      [17] 1289 	call	_ink
   0734 33            [ 6] 1290 	inc	sp
   0735 21 00 00      [10] 1291 	ld	hl,#0x0000
   0738 E3            [19] 1292 	ex	(sp),hl
   0739 3E 01         [ 7] 1293 	ld	a, #0x01
   073B F5            [11] 1294 	push	af
   073C 33            [ 6] 1295 	inc	sp
   073D CDrAAr00      [17] 1296 	call	_ink
   0740 33            [ 6] 1297 	inc	sp
   0741 21 00 00      [10] 1298 	ld	hl,#0x0000
   0744 E3            [19] 1299 	ex	(sp),hl
   0745 3E 02         [ 7] 1300 	ld	a, #0x02
   0747 F5            [11] 1301 	push	af
   0748 33            [ 6] 1302 	inc	sp
   0749 CDrAAr00      [17] 1303 	call	_ink
   074C F1            [10] 1304 	pop	af
   074D 33            [ 6] 1305 	inc	sp
                           1306 ;src/main.c:304: cpct_setVideoMode (1);                    // Set Vide Mode 1 (40x25)
   074E 2E 01         [ 7] 1307 	ld	l, #0x01
   0750 CDr00r00      [17] 1308 	call	_cpct_setVideoMode
                           1309 ;src/main.c:305: border (1,1); paper (0); pen (1);
   0753 21 01 01      [10] 1310 	ld	hl, #0x0101
   0756 E5            [11] 1311 	push	hl
   0757 CDrD7r00      [17] 1312 	call	_border
   075A F1            [10] 1313 	pop	af
   075B AF            [ 4] 1314 	xor	a, a
   075C F5            [11] 1315 	push	af
   075D 33            [ 6] 1316 	inc	sp
   075E CDrF8r00      [17] 1317 	call	_paper
   0761 33            [ 6] 1318 	inc	sp
   0762 3E 01         [ 7] 1319 	ld	a, #0x01
   0764 F5            [11] 1320 	push	af
   0765 33            [ 6] 1321 	inc	sp
   0766 CDr0Dr01      [17] 1322 	call	_pen
   0769 33            [ 6] 1323 	inc	sp
                           1324 ;src/main.c:307: PrintAt (1,5, "      )   ___    _____    )   ___      ", 0xff);
   076A 3E FF         [ 7] 1325 	ld	a, #0xff
   076C F5            [11] 1326 	push	af
   076D 33            [ 6] 1327 	inc	sp
   076E 21r5Cr0A      [10] 1328 	ld	hl, #___str_11
   0771 E5            [11] 1329 	push	hl
   0772 21 01 05      [10] 1330 	ld	hl, #0x0501
   0775 E5            [11] 1331 	push	hl
   0776 CDr2Br01      [17] 1332 	call	_PrintAt
   0779 F1            [10] 1333 	pop	af
   077A F1            [10] 1334 	pop	af
   077B 33            [ 6] 1335 	inc	sp
                           1336 ;src/main.c:308: PrintAt (1,6, "     (__/_____) (, /   ) (__/_____)    ", 0xff);
   077C 3E FF         [ 7] 1337 	ld	a, #0xff
   077E F5            [11] 1338 	push	af
   077F 33            [ 6] 1339 	inc	sp
   0780 21r84r0A      [10] 1340 	ld	hl, #___str_12
   0783 E5            [11] 1341 	push	hl
   0784 21 01 06      [10] 1342 	ld	hl, #0x0601
   0787 E5            [11] 1343 	push	hl
   0788 CDr2Br01      [17] 1344 	call	_PrintAt
   078B F1            [10] 1345 	pop	af
   078C F1            [10] 1346 	pop	af
   078D 33            [ 6] 1347 	inc	sp
                           1348 ;src/main.c:309: PrintAt (1,7, "       /         _/__ /    /           ", 0xff);
   078E 3E FF         [ 7] 1349 	ld	a, #0xff
   0790 F5            [11] 1350 	push	af
   0791 33            [ 6] 1351 	inc	sp
   0792 21rACr0A      [10] 1352 	ld	hl, #___str_13
   0795 E5            [11] 1353 	push	hl
   0796 21 01 07      [10] 1354 	ld	hl, #0x0701
   0799 E5            [11] 1355 	push	hl
   079A CDr2Br01      [17] 1356 	call	_PrintAt
   079D F1            [10] 1357 	pop	af
   079E F1            [10] 1358 	pop	af
   079F 33            [ 6] 1359 	inc	sp
                           1360 ;src/main.c:310: PrintAt (1,8, "      /          /        /            ", 0xff);
   07A0 3E FF         [ 7] 1361 	ld	a, #0xff
   07A2 F5            [11] 1362 	push	af
   07A3 33            [ 6] 1363 	inc	sp
   07A4 21rD4r0A      [10] 1364 	ld	hl, #___str_14
   07A7 E5            [11] 1365 	push	hl
   07A8 21 01 08      [10] 1366 	ld	hl, #0x0801
   07AB E5            [11] 1367 	push	hl
   07AC CDr2Br01      [17] 1368 	call	_PrintAt
   07AF F1            [10] 1369 	pop	af
   07B0 F1            [10] 1370 	pop	af
   07B1 33            [ 6] 1371 	inc	sp
                           1372 ;src/main.c:311: PrintAt (1,9, "     (______) ) /        (______)      ", 0xff);
   07B2 3E FF         [ 7] 1373 	ld	a, #0xff
   07B4 F5            [11] 1374 	push	af
   07B5 33            [ 6] 1375 	inc	sp
   07B6 21rFCr0A      [10] 1376 	ld	hl, #___str_15
   07B9 E5            [11] 1377 	push	hl
   07BA 21 01 09      [10] 1378 	ld	hl, #0x0901
   07BD E5            [11] 1379 	push	hl
   07BE CDr2Br01      [17] 1380 	call	_PrintAt
   07C1 F1            [10] 1381 	pop	af
   07C2 F1            [10] 1382 	pop	af
   07C3 33            [ 6] 1383 	inc	sp
                           1384 ;src/main.c:312: PrintAt (1,10, "            _(_/_                      ", 0xff);
   07C4 3E FF         [ 7] 1385 	ld	a, #0xff
   07C6 F5            [11] 1386 	push	af
   07C7 33            [ 6] 1387 	inc	sp
   07C8 21r24r0B      [10] 1388 	ld	hl, #___str_16
   07CB E5            [11] 1389 	push	hl
   07CC 21 01 0A      [10] 1390 	ld	hl, #0x0a01
   07CF E5            [11] 1391 	push	hl
   07D0 CDr2Br01      [17] 1392 	call	_PrintAt
   07D3 F1            [10] 1393 	pop	af
   07D4 F1            [10] 1394 	pop	af
   07D5 33            [ 6] 1395 	inc	sp
                           1396 ;src/main.c:313: PrintAt (1,11, "           (, /   )                    ", 0xff);
   07D6 3E FF         [ 7] 1397 	ld	a, #0xff
   07D8 F5            [11] 1398 	push	af
   07D9 33            [ 6] 1399 	inc	sp
   07DA 21r4Cr0B      [10] 1400 	ld	hl, #___str_17
   07DD E5            [11] 1401 	push	hl
   07DE 21 01 0B      [10] 1402 	ld	hl, #0x0b01
   07E1 E5            [11] 1403 	push	hl
   07E2 CDr2Br01      [17] 1404 	call	_PrintAt
   07E5 F1            [10] 1405 	pop	af
   07E6 F1            [10] 1406 	pop	af
   07E7 33            [ 6] 1407 	inc	sp
                           1408 ;src/main.c:314: PrintAt (1,12, "             /__ / ___      _          ", 0xff);
   07E8 3E FF         [ 7] 1409 	ld	a, #0xff
   07EA F5            [11] 1410 	push	af
   07EB 33            [ 6] 1411 	inc	sp
   07EC 21r74r0B      [10] 1412 	ld	hl, #___str_18
   07EF E5            [11] 1413 	push	hl
   07F0 21 01 0C      [10] 1414 	ld	hl, #0x0c01
   07F3 E5            [11] 1415 	push	hl
   07F4 CDr2Br01      [17] 1416 	call	_PrintAt
   07F7 F1            [10] 1417 	pop	af
   07F8 F1            [10] 1418 	pop	af
   07F9 33            [ 6] 1419 	inc	sp
                           1420 ;src/main.c:317: PrintAt (1,13, "          ) /   \\_(_(_/(_(_(/_         ", 0xff);
   07FA 3E FF         [ 7] 1421 	ld	a, #0xff
   07FC F5            [11] 1422 	push	af
   07FD 33            [ 6] 1423 	inc	sp
   07FE 21r9Cr0B      [10] 1424 	ld	hl, #___str_19
   0801 E5            [11] 1425 	push	hl
   0802 21 01 0D      [10] 1426 	ld	hl, #0x0d01
   0805 E5            [11] 1427 	push	hl
   0806 CDr2Br01      [17] 1428 	call	_PrintAt
   0809 F1            [10] 1429 	pop	af
   080A F1            [10] 1430 	pop	af
   080B 33            [ 6] 1431 	inc	sp
                           1432 ;src/main.c:318: PrintAt (1,14, "         (_/       .-/                 ", 0xff);
   080C 3E FF         [ 7] 1433 	ld	a, #0xff
   080E F5            [11] 1434 	push	af
   080F 33            [ 6] 1435 	inc	sp
   0810 21rC4r0B      [10] 1436 	ld	hl, #___str_20
   0813 E5            [11] 1437 	push	hl
   0814 21 01 0E      [10] 1438 	ld	hl, #0x0e01
   0817 E5            [11] 1439 	push	hl
   0818 CDr2Br01      [17] 1440 	call	_PrintAt
   081B F1            [10] 1441 	pop	af
   081C F1            [10] 1442 	pop	af
   081D 33            [ 6] 1443 	inc	sp
                           1444 ;src/main.c:319: PrintAt (1,15, "                  (_/                  ", 0xff);
   081E 3E FF         [ 7] 1445 	ld	a, #0xff
   0820 F5            [11] 1446 	push	af
   0821 33            [ 6] 1447 	inc	sp
   0822 21rECr0B      [10] 1448 	ld	hl, #___str_21
   0825 E5            [11] 1449 	push	hl
   0826 21 01 0F      [10] 1450 	ld	hl, #0x0f01
   0829 E5            [11] 1451 	push	hl
   082A CDr2Br01      [17] 1452 	call	_PrintAt
   082D F1            [10] 1453 	pop	af
   082E F1            [10] 1454 	pop	af
   082F 33            [ 6] 1455 	inc	sp
                           1456 ;src/main.c:320: PrintAt (10, 18, "PRESS ENTER TO START", 2);
   0830 3E 02         [ 7] 1457 	ld	a, #0x02
   0832 F5            [11] 1458 	push	af
   0833 33            [ 6] 1459 	inc	sp
   0834 21r14r0C      [10] 1460 	ld	hl, #___str_22
   0837 E5            [11] 1461 	push	hl
   0838 21 0A 12      [10] 1462 	ld	hl, #0x120a
   083B E5            [11] 1463 	push	hl
   083C CDr2Br01      [17] 1464 	call	_PrintAt
   083F F1            [10] 1465 	pop	af
                           1466 ;src/main.c:321: ink (0, 3,3); ink (1, 6,15); ink (2, 16,16); border (3,3);
   0840 33            [ 6] 1467 	inc	sp
   0841 21 03 03      [10] 1468 	ld	hl,#0x0303
   0844 E3            [19] 1469 	ex	(sp),hl
   0845 AF            [ 4] 1470 	xor	a, a
   0846 F5            [11] 1471 	push	af
   0847 33            [ 6] 1472 	inc	sp
   0848 CDrAAr00      [17] 1473 	call	_ink
   084B 33            [ 6] 1474 	inc	sp
   084C 21 06 0F      [10] 1475 	ld	hl,#0x0f06
   084F E3            [19] 1476 	ex	(sp),hl
   0850 3E 01         [ 7] 1477 	ld	a, #0x01
   0852 F5            [11] 1478 	push	af
   0853 33            [ 6] 1479 	inc	sp
   0854 CDrAAr00      [17] 1480 	call	_ink
   0857 33            [ 6] 1481 	inc	sp
   0858 21 10 10      [10] 1482 	ld	hl,#0x1010
   085B E3            [19] 1483 	ex	(sp),hl
   085C 3E 02         [ 7] 1484 	ld	a, #0x02
   085E F5            [11] 1485 	push	af
   085F 33            [ 6] 1486 	inc	sp
   0860 CDrAAr00      [17] 1487 	call	_ink
   0863 33            [ 6] 1488 	inc	sp
   0864 21 03 03      [10] 1489 	ld	hl,#0x0303
   0867 E3            [19] 1490 	ex	(sp),hl
   0868 CDrD7r00      [17] 1491 	call	_border
   086B F1            [10] 1492 	pop	af
                           1493 ;src/main.c:324: while (!cpct_isKeyPressed (Key_Return)) {
   086C                    1494 00101$:
   086C 21 02 04      [10] 1495 	ld	hl, #0x0402
   086F CDr00r00      [17] 1496 	call	_cpct_isKeyPressed
   0872 7D            [ 4] 1497 	ld	a, l
   0873 B7            [ 4] 1498 	or	a, a
   0874 20 05         [12] 1499 	jr	NZ,00103$
                           1500 ;src/main.c:325: cpct_scanKeyboard ();
   0876 CDr00r00      [17] 1501 	call	_cpct_scanKeyboard
   0879 18 F1         [12] 1502 	jr	00101$
   087B                    1503 00103$:
                           1504 ;src/main.c:329: InitColors();
   087B CDrB7r03      [17] 1505 	call	_InitColors
                           1506 ;src/main.c:331: cls();
   087E CDr22r01      [17] 1507 	call	_cls
                           1508 ;src/main.c:335: SPR_PLAYER, PEN_ENTITY, "Player",
   0881 11r29r0C      [10] 1509 	ld	de, #___str_23+0
                           1510 ;src/main.c:334: InitializeCharacter (&player, 3, 3,
   0884 21 1D 00      [10] 1511 	ld	hl, #0x001d
   0887 39            [11] 1512 	add	hl, sp
   0888 DD 75 FB      [19] 1513 	ld	-5 (ix), l
   088B DD 74 FC      [19] 1514 	ld	-4 (ix), h
   088E 4D            [ 4] 1515 	ld	c, l
   088F 44            [ 4] 1516 	ld	b, h
   0890 21 0E 0C      [10] 1517 	ld	hl, #0x0c0e
   0893 E5            [11] 1518 	push	hl
   0894 3E 11         [ 7] 1519 	ld	a, #0x11
   0896 F5            [11] 1520 	push	af
   0897 33            [ 6] 1521 	inc	sp
   0898 21 96 00      [10] 1522 	ld	hl, #0x0096
   089B E5            [11] 1523 	push	hl
   089C 21r2Br0C      [10] 1524 	ld	hl, #___str_24
   089F E5            [11] 1525 	push	hl
   08A0 3E 01         [ 7] 1526 	ld	a, #0x01
   08A2 F5            [11] 1527 	push	af
   08A3 33            [ 6] 1528 	inc	sp
   08A4 D5            [11] 1529 	push	de
   08A5 21 03 03      [10] 1530 	ld	hl, #0x0303
   08A8 E5            [11] 1531 	push	hl
   08A9 C5            [11] 1532 	push	bc
   08AA CDr5Fr01      [17] 1533 	call	_InitializeCharacter
   08AD 21 0E 00      [10] 1534 	ld	hl, #14
   08B0 39            [11] 1535 	add	hl, sp
   08B1 F9            [ 6] 1536 	ld	sp, hl
                           1537 ;src/main.c:339: SPR_GOBLIN, PEN_ENTITY, "Goblin",
   08B2 11r32r0C      [10] 1538 	ld	de, #___str_25+0
                           1539 ;src/main.c:338: InitializeCharacter (&goblin, 12, 3,
   08B5 21 00 00      [10] 1540 	ld	hl, #0x0000
   08B8 39            [11] 1541 	add	hl, sp
   08B9 DD 75 FE      [19] 1542 	ld	-2 (ix), l
   08BC DD 74 FF      [19] 1543 	ld	-1 (ix), h
   08BF 4D            [ 4] 1544 	ld	c, l
   08C0 44            [ 4] 1545 	ld	b, h
   08C1 21 0D 0B      [10] 1546 	ld	hl, #0x0b0d
   08C4 E5            [11] 1547 	push	hl
   08C5 3E 0C         [ 7] 1548 	ld	a, #0x0c
   08C7 F5            [11] 1549 	push	af
   08C8 33            [ 6] 1550 	inc	sp
   08C9 21 64 00      [10] 1551 	ld	hl, #0x0064
   08CC E5            [11] 1552 	push	hl
   08CD 21r34r0C      [10] 1553 	ld	hl, #___str_26
   08D0 E5            [11] 1554 	push	hl
   08D1 3E 01         [ 7] 1555 	ld	a, #0x01
   08D3 F5            [11] 1556 	push	af
   08D4 33            [ 6] 1557 	inc	sp
   08D5 D5            [11] 1558 	push	de
   08D6 21 0C 03      [10] 1559 	ld	hl, #0x030c
   08D9 E5            [11] 1560 	push	hl
   08DA C5            [11] 1561 	push	bc
   08DB CDr5Fr01      [17] 1562 	call	_InitializeCharacter
   08DE 21 0E 00      [10] 1563 	ld	hl, #14
   08E1 39            [11] 1564 	add	hl, sp
   08E2 F9            [ 6] 1565 	ld	sp, hl
                           1566 ;src/main.c:348: map_create (&game_map, MAP_WIDTH, MAP_HEIGHT);
   08E3 21 3A 00      [10] 1567 	ld	hl, #0x003a
   08E6 39            [11] 1568 	add	hl, sp
   08E7 4D            [ 4] 1569 	ld	c, l
   08E8 44            [ 4] 1570 	ld	b, h
   08E9 E5            [11] 1571 	push	hl
   08EA 11 14 0E      [10] 1572 	ld	de, #0x0e14
   08ED D5            [11] 1573 	push	de
   08EE C5            [11] 1574 	push	bc
   08EF CDr00r00      [17] 1575 	call	_map_create
   08F2 F1            [10] 1576 	pop	af
   08F3 F1            [10] 1577 	pop	af
   08F4 CDrCFr02      [17] 1578 	call	_draw_map
   08F7 F1            [10] 1579 	pop	af
                           1580 ;src/main.c:352: do {
   08F8                    1581 00111$:
                           1582 ;src/main.c:353: PrintCharacterStats (&player, 1, 1, 1);
   08F8 DD 4E FB      [19] 1583 	ld	c,-5 (ix)
   08FB DD 46 FC      [19] 1584 	ld	b,-4 (ix)
   08FE 21 01 01      [10] 1585 	ld	hl, #0x0101
   0901 E5            [11] 1586 	push	hl
   0902 3E 01         [ 7] 1587 	ld	a, #0x01
   0904 F5            [11] 1588 	push	af
   0905 33            [ 6] 1589 	inc	sp
   0906 C5            [11] 1590 	push	bc
   0907 CDrF7r03      [17] 1591 	call	_PrintCharacterStats
   090A F1            [10] 1592 	pop	af
   090B F1            [10] 1593 	pop	af
   090C 33            [ 6] 1594 	inc	sp
                           1595 ;src/main.c:354: PrintAt (PLAY_X+player.x, PLAY_Y+player.y, player.spr, player.color);
   090D DD 6E FB      [19] 1596 	ld	l,-5 (ix)
   0910 DD 66 FC      [19] 1597 	ld	h,-4 (ix)
   0913 11 04 00      [10] 1598 	ld	de, #0x0004
   0916 19            [11] 1599 	add	hl, de
   0917 46            [ 7] 1600 	ld	b, (hl)
   0918 DD 5E FB      [19] 1601 	ld	e,-5 (ix)
   091B DD 56 FC      [19] 1602 	ld	d,-4 (ix)
   091E 13            [ 6] 1603 	inc	de
   091F 13            [ 6] 1604 	inc	de
   0920 DD 6E FB      [19] 1605 	ld	l,-5 (ix)
   0923 DD 66 FC      [19] 1606 	ld	h,-4 (ix)
   0926 23            [ 6] 1607 	inc	hl
   0927 4E            [ 7] 1608 	ld	c, (hl)
   0928 0C            [ 4] 1609 	inc	c
   0929 0C            [ 4] 1610 	inc	c
   092A 0C            [ 4] 1611 	inc	c
   092B 0C            [ 4] 1612 	inc	c
   092C DD 6E FB      [19] 1613 	ld	l,-5 (ix)
   092F DD 66 FC      [19] 1614 	ld	h,-4 (ix)
   0932 7E            [ 7] 1615 	ld	a, (hl)
   0933 C6 04         [ 7] 1616 	add	a, #0x04
   0935 DD 77 FD      [19] 1617 	ld	-3 (ix), a
   0938 C5            [11] 1618 	push	bc
   0939 33            [ 6] 1619 	inc	sp
   093A D5            [11] 1620 	push	de
   093B 79            [ 4] 1621 	ld	a, c
   093C F5            [11] 1622 	push	af
   093D 33            [ 6] 1623 	inc	sp
   093E DD 7E FD      [19] 1624 	ld	a, -3 (ix)
   0941 F5            [11] 1625 	push	af
   0942 33            [ 6] 1626 	inc	sp
   0943 CDr2Br01      [17] 1627 	call	_PrintAt
   0946 F1            [10] 1628 	pop	af
   0947 F1            [10] 1629 	pop	af
   0948 33            [ 6] 1630 	inc	sp
                           1631 ;src/main.c:355: PrintAt (PLAY_X+goblin.x, PLAY_Y+goblin.y, goblin.spr, goblin.color);
   0949 DD 6E FE      [19] 1632 	ld	l,-2 (ix)
   094C DD 66 FF      [19] 1633 	ld	h,-1 (ix)
   094F 11 04 00      [10] 1634 	ld	de, #0x0004
   0952 19            [11] 1635 	add	hl, de
   0953 46            [ 7] 1636 	ld	b, (hl)
   0954 DD 5E FE      [19] 1637 	ld	e,-2 (ix)
   0957 DD 56 FF      [19] 1638 	ld	d,-1 (ix)
   095A 13            [ 6] 1639 	inc	de
   095B 13            [ 6] 1640 	inc	de
   095C DD 6E FE      [19] 1641 	ld	l,-2 (ix)
   095F DD 66 FF      [19] 1642 	ld	h,-1 (ix)
   0962 23            [ 6] 1643 	inc	hl
   0963 4E            [ 7] 1644 	ld	c, (hl)
   0964 0C            [ 4] 1645 	inc	c
   0965 0C            [ 4] 1646 	inc	c
   0966 0C            [ 4] 1647 	inc	c
   0967 0C            [ 4] 1648 	inc	c
   0968 DD 6E FE      [19] 1649 	ld	l,-2 (ix)
   096B DD 66 FF      [19] 1650 	ld	h,-1 (ix)
   096E 7E            [ 7] 1651 	ld	a, (hl)
   096F C6 04         [ 7] 1652 	add	a, #0x04
   0971 DD 77 FD      [19] 1653 	ld	-3 (ix), a
   0974 C5            [11] 1654 	push	bc
   0975 33            [ 6] 1655 	inc	sp
   0976 D5            [11] 1656 	push	de
   0977 79            [ 4] 1657 	ld	a, c
   0978 F5            [11] 1658 	push	af
   0979 33            [ 6] 1659 	inc	sp
   097A DD 7E FD      [19] 1660 	ld	a, -3 (ix)
   097D F5            [11] 1661 	push	af
   097E 33            [ 6] 1662 	inc	sp
   097F CDr2Br01      [17] 1663 	call	_PrintAt
   0982 F1            [10] 1664 	pop	af
   0983 F1            [10] 1665 	pop	af
   0984 33            [ 6] 1666 	inc	sp
                           1667 ;src/main.c:359: cpct_scanKeyboard();
   0985 CDr00r00      [17] 1668 	call	_cpct_scanKeyboard
                           1669 ;src/main.c:360: while (!cpct_isKeyPressed (Key_A)) {
   0988                    1670 00104$:
   0988 21 08 20      [10] 1671 	ld	hl, #0x2008
   098B CDr00r00      [17] 1672 	call	_cpct_isKeyPressed
   098E 7D            [ 4] 1673 	ld	a, l
   098F B7            [ 4] 1674 	or	a, a
   0990 20 05         [12] 1675 	jr	NZ,00106$
                           1676 ;src/main.c:361: cpct_scanKeyboard();
   0992 CDr00r00      [17] 1677 	call	_cpct_scanKeyboard
   0995 18 F1         [12] 1678 	jr	00104$
   0997                    1679 00106$:
                           1680 ;src/main.c:364: ClearStatusLine();
   0997 CDr76r06      [17] 1681 	call	_ClearStatusLine
                           1682 ;src/main.c:366: if (cpct_isKeyPressed (Key_A)) {
   099A 21 08 20      [10] 1683 	ld	hl, #0x2008
   099D CDr00r00      [17] 1684 	call	_cpct_isKeyPressed
   09A0 7D            [ 4] 1685 	ld	a, l
   09A1 B7            [ 4] 1686 	or	a, a
   09A2 28 57         [12] 1687 	jr	Z,00108$
                           1688 ;src/main.c:367: dmg=CalculateDamage (&player);
   09A4 DD 4E FB      [19] 1689 	ld	c,-5 (ix)
   09A7 DD 46 FC      [19] 1690 	ld	b,-4 (ix)
   09AA C5            [11] 1691 	push	bc
   09AB CDrBEr06      [17] 1692 	call	_CalculateDamage
   09AE F1            [10] 1693 	pop	af
   09AF 45            [ 4] 1694 	ld	b, l
                           1695 ;src/main.c:368: TakeDamage (&goblin, dmg);
   09B0 DD 5E FE      [19] 1696 	ld	e,-2 (ix)
   09B3 DD 56 FF      [19] 1697 	ld	d,-1 (ix)
   09B6 C5            [11] 1698 	push	bc
   09B7 C5            [11] 1699 	push	bc
   09B8 33            [ 6] 1700 	inc	sp
   09B9 D5            [11] 1701 	push	de
   09BA CDrF5r06      [17] 1702 	call	_TakeDamage
   09BD 33            [ 6] 1703 	inc	sp
   09BE 21 01 15      [10] 1704 	ld	hl,#0x1501
   09C1 E3            [19] 1705 	ex	(sp),hl
   09C2 CDr89r00      [17] 1706 	call	_locate
   09C5 26 01         [ 7] 1707 	ld	h,#0x01
   09C7 E3            [19] 1708 	ex	(sp),hl
   09C8 33            [ 6] 1709 	inc	sp
   09C9 CDr0Dr01      [17] 1710 	call	_pen
   09CC 33            [ 6] 1711 	inc	sp
   09CD C1            [10] 1712 	pop	bc
   09CE 11r3Br0C      [10] 1713 	ld	de, #___str_27
   09D1 C5            [11] 1714 	push	bc
   09D2 D5            [11] 1715 	push	de
   09D3 CDr00r00      [17] 1716 	call	_printf
   09D6 26 03         [ 7] 1717 	ld	h,#0x03
   09D8 E3            [19] 1718 	ex	(sp),hl
   09D9 33            [ 6] 1719 	inc	sp
   09DA CDr0Dr01      [17] 1720 	call	_pen
   09DD 33            [ 6] 1721 	inc	sp
   09DE C1            [10] 1722 	pop	bc
   09DF 48            [ 4] 1723 	ld	c, b
   09E0 06 00         [ 7] 1724 	ld	b, #0x00
   09E2 C5            [11] 1725 	push	bc
   09E3 21r49r0C      [10] 1726 	ld	hl, #___str_28
   09E6 E5            [11] 1727 	push	hl
   09E7 CDr00r00      [17] 1728 	call	_printf
   09EA F1            [10] 1729 	pop	af
                           1730 ;src/main.c:371: pen (1); printf (" hit points");
   09EB 26 01         [ 7] 1731 	ld	h,#0x01
   09ED E3            [19] 1732 	ex	(sp),hl
   09EE 33            [ 6] 1733 	inc	sp
   09EF CDr0Dr01      [17] 1734 	call	_pen
   09F2 33            [ 6] 1735 	inc	sp
   09F3 21r4Cr0C      [10] 1736 	ld	hl, #___str_29
   09F6 E5            [11] 1737 	push	hl
   09F7 CDr00r00      [17] 1738 	call	_printf
   09FA F1            [10] 1739 	pop	af
   09FB                    1740 00108$:
                           1741 ;src/main.c:374: if (cpct_rand() < 64) {
   09FB CDr00r00      [17] 1742 	call	_cpct_getRandom_mxor_u8
   09FE 7D            [ 4] 1743 	ld	a, l
   09FF D6 40         [ 7] 1744 	sub	a, #0x40
   0A01 D2rF8r08      [10] 1745 	jp	NC, 00111$
                           1746 ;src/main.c:375: dmg=CalculateDamage (&goblin);
   0A04 DD 4E FE      [19] 1747 	ld	c,-2 (ix)
   0A07 DD 46 FF      [19] 1748 	ld	b,-1 (ix)
   0A0A C5            [11] 1749 	push	bc
   0A0B CDrBEr06      [17] 1750 	call	_CalculateDamage
   0A0E F1            [10] 1751 	pop	af
   0A0F 45            [ 4] 1752 	ld	b, l
                           1753 ;src/main.c:376: TakeDamage (&player, dmg);
   0A10 DD 5E FB      [19] 1754 	ld	e,-5 (ix)
   0A13 DD 56 FC      [19] 1755 	ld	d,-4 (ix)
   0A16 C5            [11] 1756 	push	bc
   0A17 C5            [11] 1757 	push	bc
   0A18 33            [ 6] 1758 	inc	sp
   0A19 D5            [11] 1759 	push	de
   0A1A CDrF5r06      [17] 1760 	call	_TakeDamage
   0A1D 33            [ 6] 1761 	inc	sp
   0A1E 21 01 16      [10] 1762 	ld	hl,#0x1601
   0A21 E3            [19] 1763 	ex	(sp),hl
   0A22 CDr89r00      [17] 1764 	call	_locate
   0A25 26 01         [ 7] 1765 	ld	h,#0x01
   0A27 E3            [19] 1766 	ex	(sp),hl
   0A28 33            [ 6] 1767 	inc	sp
   0A29 CDr0Dr01      [17] 1768 	call	_pen
   0A2C 33            [ 6] 1769 	inc	sp
   0A2D 21r58r0C      [10] 1770 	ld	hl, #___str_30
   0A30 E5            [11] 1771 	push	hl
   0A31 CDr00r00      [17] 1772 	call	_printf
   0A34 26 03         [ 7] 1773 	ld	h,#0x03
   0A36 E3            [19] 1774 	ex	(sp),hl
   0A37 33            [ 6] 1775 	inc	sp
   0A38 CDr0Dr01      [17] 1776 	call	_pen
   0A3B 33            [ 6] 1777 	inc	sp
   0A3C C1            [10] 1778 	pop	bc
   0A3D 48            [ 4] 1779 	ld	c, b
   0A3E 06 00         [ 7] 1780 	ld	b, #0x00
   0A40 C5            [11] 1781 	push	bc
   0A41 21r49r0C      [10] 1782 	ld	hl, #___str_28
   0A44 E5            [11] 1783 	push	hl
   0A45 CDr00r00      [17] 1784 	call	_printf
   0A48 F1            [10] 1785 	pop	af
                           1786 ;src/main.c:379: pen (1); printf (" hit points from goblin");
   0A49 26 01         [ 7] 1787 	ld	h,#0x01
   0A4B E3            [19] 1788 	ex	(sp),hl
   0A4C 33            [ 6] 1789 	inc	sp
   0A4D CDr0Dr01      [17] 1790 	call	_pen
   0A50 33            [ 6] 1791 	inc	sp
   0A51 21r62r0C      [10] 1792 	ld	hl, #___str_31
   0A54 E5            [11] 1793 	push	hl
   0A55 CDr00r00      [17] 1794 	call	_printf
   0A58 F1            [10] 1795 	pop	af
                           1796 ;src/main.c:382: } while (1);
   0A59 C3rF8r08      [10] 1797 	jp	00111$
   0A5C                    1798 ___str_11:
   0A5C 20 20 20 20 20 20  1799 	.ascii "      )   ___    _____    )   ___      "
        29 20 20 20 5F 5F
        5F 20 20 20 20 5F
        5F 5F 5F 5F 20 20
        20 20 29 20 20 20
        5F 5F 5F 20 20 20
        20 20 20
   0A83 00                 1800 	.db 0x00
   0A84                    1801 ___str_12:
   0A84 20 20 20 20 20 28  1802 	.ascii "     (__/_____) (, /   ) (__/_____)    "
        5F 5F 2F 5F 5F 5F
        5F 5F 29 20 28 2C
        20 2F 20 20 20 29
        20 28 5F 5F 2F 5F
        5F 5F 5F 5F 29 20
        20 20 20
   0AAB 00                 1803 	.db 0x00
   0AAC                    1804 ___str_13:
   0AAC 20 20 20 20 20 20  1805 	.ascii "       /         _/__ /    /           "
        20 2F 20 20 20 20
        20 20 20 20 20 5F
        2F 5F 5F 20 2F 20
        20 20 20 2F 20 20
        20 20 20 20 20 20
        20 20 20
   0AD3 00                 1806 	.db 0x00
   0AD4                    1807 ___str_14:
   0AD4 20 20 20 20 20 20  1808 	.ascii "      /          /        /            "
        2F 20 20 20 20 20
        20 20 20 20 20 2F
        20 20 20 20 20 20
        20 20 2F 20 20 20
        20 20 20 20 20 20
        20 20 20
   0AFB 00                 1809 	.db 0x00
   0AFC                    1810 ___str_15:
   0AFC 20 20 20 20 20 28  1811 	.ascii "     (______) ) /        (______)      "
        5F 5F 5F 5F 5F 5F
        29 20 29 20 2F 20
        20 20 20 20 20 20
        20 28 5F 5F 5F 5F
        5F 5F 29 20 20 20
        20 20 20
   0B23 00                 1812 	.db 0x00
   0B24                    1813 ___str_16:
   0B24 20 20 20 20 20 20  1814 	.ascii "            _(_/_                      "
        20 20 20 20 20 20
        5F 28 5F 2F 5F 20
        20 20 20 20 20 20
        20 20 20 20 20 20
        20 20 20 20 20 20
        20 20 20
   0B4B 00                 1815 	.db 0x00
   0B4C                    1816 ___str_17:
   0B4C 20 20 20 20 20 20  1817 	.ascii "           (, /   )                    "
        20 20 20 20 20 28
        2C 20 2F 20 20 20
        29 20 20 20 20 20
        20 20 20 20 20 20
        20 20 20 20 20 20
        20 20 20
   0B73 00                 1818 	.db 0x00
   0B74                    1819 ___str_18:
   0B74 20 20 20 20 20 20  1820 	.ascii "             /__ / ___      _          "
        20 20 20 20 20 20
        20 2F 5F 5F 20 2F
        20 5F 5F 5F 20 20
        20 20 20 20 5F 20
        20 20 20 20 20 20
        20 20 20
   0B9B 00                 1821 	.db 0x00
   0B9C                    1822 ___str_19:
   0B9C 20 20 20 20 20 20  1823 	.ascii "          ) /   "
        20 20 20 20 29 20
        2F 20 20 20
   0BAC 5C                 1824 	.db 0x5c
   0BAD 5F 28 5F 28 5F 2F  1825 	.ascii "_(_(_/(_(_(/_         "
        28 5F 28 5F 28 2F
        5F 20 20 20 20 20
        20 20 20 20
   0BC3 00                 1826 	.db 0x00
   0BC4                    1827 ___str_20:
   0BC4 20 20 20 20 20 20  1828 	.ascii "         (_/       .-/                 "
        20 20 20 28 5F 2F
        20 20 20 20 20 20
        20 2E 2D 2F 20 20
        20 20 20 20 20 20
        20 20 20 20 20 20
        20 20 20
   0BEB 00                 1829 	.db 0x00
   0BEC                    1830 ___str_21:
   0BEC 20 20 20 20 20 20  1831 	.ascii "                  (_/                  "
        20 20 20 20 20 20
        20 20 20 20 20 20
        28 5F 2F 20 20 20
        20 20 20 20 20 20
        20 20 20 20 20 20
        20 20 20
   0C13 00                 1832 	.db 0x00
   0C14                    1833 ___str_22:
   0C14 50 52 45 53 53 20  1834 	.ascii "PRESS ENTER TO START"
        45 4E 54 45 52 20
        54 4F 20 53 54 41
        52 54
   0C28 00                 1835 	.db 0x00
   0C29                    1836 ___str_23:
   0C29 40                 1837 	.ascii "@"
   0C2A 00                 1838 	.db 0x00
   0C2B                    1839 ___str_24:
   0C2B 50 6C 61 79 65 72  1840 	.ascii "Player"
   0C31 00                 1841 	.db 0x00
   0C32                    1842 ___str_25:
   0C32 67                 1843 	.ascii "g"
   0C33 00                 1844 	.db 0x00
   0C34                    1845 ___str_26:
   0C34 47 6F 62 6C 69 6E  1846 	.ascii "Goblin"
   0C3A 00                 1847 	.db 0x00
   0C3B                    1848 ___str_27:
   0C3B 67 6F 62 6C 69 6E  1849 	.ascii "goblin takes "
        20 74 61 6B 65 73
        20
   0C48 00                 1850 	.db 0x00
   0C49                    1851 ___str_28:
   0C49 25 64              1852 	.ascii "%d"
   0C4B 00                 1853 	.db 0x00
   0C4C                    1854 ___str_29:
   0C4C 20 68 69 74 20 70  1855 	.ascii " hit points"
        6F 69 6E 74 73
   0C57 00                 1856 	.db 0x00
   0C58                    1857 ___str_30:
   0C58 79 6F 75 20 74 61  1858 	.ascii "you take "
        6B 65 20
   0C61 00                 1859 	.db 0x00
   0C62                    1860 ___str_31:
   0C62 20 68 69 74 20 70  1861 	.ascii " hit points from goblin"
        6F 69 6E 74 73 20
        66 72 6F 6D 20 67
        6F 62 6C 69 6E
   0C79 00                 1862 	.db 0x00
                           1863 	.area _CODE
                           1864 	.area _INITIALIZER
                           1865 	.area _CABS (ABS)
